c
c This is glucose 4.1 --  based on MiniSAT (Many thanks to MiniSAT team)
c
c ========================================[ Problem Statistics ]===========================================
c |                                                                                                       |
c |  Number of variables:          1046                                                                   |
c |  Number of clauses:            2849                                                                   |
c |  Parse time:                   0.00 s                                                                 |
c |                                                                                                       |
c | Preprocesing is fully done
c |  Eliminated clauses:           0.02 Mb                                                                |
c |  Simplification time:          0.00 s                                                                 |
c |                                                                                                       |
c ========================================[ MAGIC CONSTANTS ]==============================================
c | Constants are supposed to work well together :-)                                                      |
c | however, if you find better choices, please let us known...                                           |
c |-------------------------------------------------------------------------------------------------------|
c | Adapt dynamically the solver after 100000 conflicts (restarts, reduction strategies...)               |
c |-------------------------------------------------------------------------------------------------------|
c |                                |                                |                                     |
c | - Restarts:                    | - Reduce Clause DB:            | - Minimize Asserting:               |
c |   * LBD Queue    :     50      |   * First     :   2000         |    * size <  30                     |
c |   * Trail  Queue :   5000      |   * Inc       :    300         |    * lbd  <   6                     |
c |   * K            :   0.80      |   * Special   :   1000         |                                     |
c |   * R            :   1.40      |   * Protected :  (lbd)< 30     |                                     |
c |                                |                                |                                     |
c ==================================[ Search Statistics (every  10000 conflicts) ]=========================
c |                                                                                                       |
c |          RESTARTS           |          ORIGINAL         |              LEARNT              | Progress |
c |       NB   Blocked  Avg Cfc |    Vars  Clauses Literals |   Red   Learnts    LBD2  Removed |          |
c =========================================================================================================
c |        2         0     5000 |     128      513     1609 |     2     6205        2     3794 | 36.330 % |
c |        5         0     4000 |     128      513     1609 |     3    11206        3     8793 | 36.329 % |
c |        8         0     3750 |     128      513     1609 |     4    13804        3    16195 | 36.329 % |
c |       12         0     3333 |     128      513     1609 |     5    13902        4    26097 | 36.330 % |
c |       14         0     3571 |     128      513     1609 |     5    23902        4    26097 | 36.330 % |
c |       14         0     4285 |     128      513     1609 |     6    21450        6    38549 | 36.330 % |
c |       15         0     4666 |     128      513     1609 |     7    16430        6    53569 | 36.329 % |
c |       25         0     3200 |     128      513     1609 |     7    26430        7    53569 | 36.329 % |
c |       33         0     2727 |     128      513     1609 |     8    18819        7    71180 | 36.329 % |
c |       33         0     3030 |     128      513     1609 |     8    28819        7    71180 | 36.329 % |
c
c Try to adapt solver strategies
c 
c Adjusting for low decision levels.
c
c Activating Chanseok Strategy: moved 3441 clauses to the permanent set.
c Removing of non permanent clauses.
c |       45         0     2444 |     128      513     2223 |    12     3752        7    77083 | 36.329 % |
c |       71         0     1690 |     128      513     2407 |    17     3901        7    86710 | 36.329 % |
c |       93         0     1397 |     128      513     2711 |    22     3906       11    96442 | 36.329 % |
c |      121         0     1157 |     128      513     3003 |    27     3945       11   106234 | 36.329 % |
c |      135         0     1111 |     128      513     3138 |    32     3920       11   116096 | 36.329 % |
c |      148         0     1081 |     128      513     3632 |    37     3918       11   125849 | 36.329 % |
c |      158         0     1075 |     128      513     3794 |    42     3949       11   135659 | 36.329 % |
c |      162         0     1111 |     128      513     3953 |    47     3939       11   145518 | 36.331 % |
c |      173         0     1098 |     128      513     4255 |    52     3932       11   155334 | 36.330 % |
c |      190         0     1052 |     128      513     4663 |    57     3926       13   165162 | 36.329 % |
c |      202         0     1039 |     128      513     4947 |    62     3884       13   174968 | 36.329 % |
c |      225         0      977 |     128      513     5223 |    67     3939       13   184768 | 36.329 % |
c |      252         0      912 |     128      513     5397 |    72     3958       13   194611 | 36.329 % |
c |      280         0      857 |     128      513     5620 |    77     3953       13   204441 | 36.329 % |
c |      300         0      833 |     128      513     5693 |    82     3964       13   214314 | 36.329 % |
c |      321         0      809 |     128      513     5879 |    87     3957       13   224204 | 36.329 % |
c |      326         0      828 |     128      513     5993 |    92     3950       13   234062 | 36.330 % |
c |      335         0      835 |     128      513     6172 |    97     3954       13   243919 | 36.329 % |
c |      364         0      796 |     128      513     6281 |   102     3968       13   253810 | 36.329 % |
c |      388         0      773 |     128      513     6584 |   107     3929       13   263673 | 36.330 % |
c |      406         0      763 |     128      513     6841 |   112     3961       13   273485 | 36.329 % |
c |      422         0      758 |     128      513     6981 |   117     3955       13   283364 | 36.329 % |
c |      445         0      741 |     128      513     7168 |   122     3942       13   293208 | 36.329 % |
c |      457         0      743 |     128      513     7543 |   127     3962       14   303026 | 36.329 % |
c |      462         0      757 |     128      513     7606 |   132     4001       14   312912 | 36.329 % |
c |      478         0      753 |     128      513     7888 |   137     3968       14   322809 | 36.329 % |
c |      502         0      737 |     128      513     7999 |   142     3968       14   332690 | 36.329 % |
c |      533         0      712 |     128      513     8122 |   147     3962       14   342584 | 36.329 % |
c |      545         0      715 |     128      513     8413 |   152     3954       14   352426 | 36.329 % |
c |      572         0      699 |     128      513     8597 |   157     3975       14   362287 | 36.329 % |
c |      577         0      710 |     128      513     8639 |   162     3989       14   372220 | 36.329 % |
c |      595         0      705 |     128      513     8831 |   167     3966       14   382088 | 36.329 % |
c |      595         0      722 |     128      513     9028 |   172     3966       14   391959 | 36.329 % |
c |      598         0      735 |     128      513     9134 |   177     3965       14   401853 | 36.330 % |
c |      622         0      723 |     128      513     9415 |   182     3967       14   411695 | 36.329 % |
c |      633         0      726 |     128      513     9535 |   187     3943       14   421583 | 36.329 % |
c |      651         0      721 |     128      513     9752 |   192     3960       14   431403 | 36.329 % |
c |      689         0      696 |     128      513     9989 |   197     3952       14   441252 | 36.329 % |
c |      727         0      674 |     128      513    10433 |   202     3941       14   451129 | 36.329 % |
c |      770         0      649 |     128      513    10804 |   207     3968       15   460980 | 36.329 % |
c |      836         0      610 |     128      513    11054 |   212     3963       15   470877 | 36.330 % |
c |      886         0      586 |     128      513    11341 |   217     3967       15   480725 | 36.329 % |
c |      891         0      594 |     128      513    11480 |   222     3956       15   490617 | 36.329 % |
c |      909         0      594 |     128      513    11560 |   227     3933       16   500457 | 36.329 % |
c |      916         0      600 |     128      513    11744 |   232     3934       16   510300 | 36.329 % |
c |      917         0      610 |     128      513    11934 |   237     3957       16   520148 | 36.330 % |
c |      967         0      589 |     128      513    12040 |   242     3974       17   530032 | 36.329 % |
c |      991         0      585 |     128      513    12663 |   247     3946       17   539838 | 36.329 % |
c |     1044         0      565 |     128      513    12795 |   252     3977       17   549725 | 36.329 % |
c |     1070         0      560 |     128      513    13041 |   257     3931       17   559634 | 36.329 % |
c |     1094         0      557 |     128      513    13394 |   262     3912       17   569428 | 36.329 % |
c |     1121         0      553 |     128      513    13691 |   267     3972       17   579271 | 36.329 % |
c |     1168         0      539 |     128      513    13950 |   272     3949       17   589149 | 36.330 % |
c |     1214         0      527 |     128      513    14218 |   277     3963       18   599036 | 36.329 % |
c |     1251         0      519 |     128      513    14398 |   282     3969       18   608926 | 36.329 % |
c |     1263         0      522 |     128      513    14453 |   287     3989       18   618835 | 36.329 % |
c |     1290         0      519 |     128      513    15127 |   292     3942       18   628648 | 36.330 % |
c |     1290         0      527 |     128      513    15227 |   297     3989       18   638517 | 36.330 % |
c |     1303         0      529 |     128      513    16213 |   302     3820       19   648397 | 36.329 % |
c |     1328         0      527 |     128      513    16429 |   307     3909       19   658130 | 36.330 % |
c |     1352         0      525 |     128      513    16645 |   312     3955       19   667903 | 36.329 % |
c |     1400         0      514 |     128      513    16844 |   317     3975       19   677785 | 36.329 % |
c |     1434         0      509 |     128      513    16957 |   322     3978       19   687697 | 36.329 % |
c |     1494         0      495 |     128      513    17457 |   327     3958       19   697568 | 36.329 % |
c |     1540         0      487 |     128      513    17639 |   332     3973       19   707479 | 36.329 % |
c |     1560         0      487 |     128      513    17998 |   337     3957       19   717364 | 36.329 % |
c |     1581         0      487 |     128      513    18214 |   342     3961       19   727240 | 36.329 % |
c |     1618         0      482 |     128      513    18355 |   347     3971       19   737138 | 36.329 % |
c |     1655         0      477 |     128      513    18446 |   352     3985       20   747065 | 36.329 % |
c |     1676         0      477 |     128      513    18573 |   357     3971       20   757011 | 36.329 % |
c |     1678         0      482 |     128      513    18752 |   362     3941       20   766869 | 36.329 % |
c |     1685         0      486 |     128      513    19164 |   367     3942       20   776698 | 36.329 % |
c |     1706         0      486 |     128      513    19228 |   372     3967       20   786587 | 36.329 % |
c |     1716         0      489 |     128      513    19328 |   377     3968       20   796495 | 36.330 % |
c |     1719         0      494 |     128      513    19365 |   382     3999       20   806428 | 36.330 % |
c |     1740         0      494 |     128      513    19592 |   387     3959       22   816378 | 36.329 % |
c |     1772         0      490 |     128      513    19803 |   392     3965       22   826273 | 36.329 % |
c |     1807         0      486 |     128      513    20043 |   397     3985       22   836157 | 36.329 % |
c |     1841         0      483 |     128      513    20197 |   402     3955       22   846095 | 36.329 % |
c |     1852         0      485 |     128      513    20391 |   407     3959       22   855975 | 36.329 % |
c |     1855         0      490 |     128      513    20683 |   412     3940       22   865817 | 36.329 % |
c |     1891         0      486 |     128      513    20733 |   417     3965       22   875701 | 36.329 % |
c |     1937         0      480 |     128      513    20956 |   422     3946       22   885604 | 36.329 % |
c |     1937         0      485 |     128      513    21034 |   427     3976       22   895480 | 36.329 % |
c |     1940         0      489 |     128      513    21334 |   432     3924       22   905386 | 36.329 % |
c |     1960         0      489 |     128      513    21470 |   437     3981       22   915242 | 36.329 % |
c |     2028         0      478 |     128      513    21539 |   442     3986       22   925176 | 36.329 % |
c |     2046         0      478 |     128      513    21604 |   447     3977       22   935105 | 36.329 % |
c |     2069         0      478 |     128      513    21851 |   452     3958       23   944992 | 36.329 % |
c |     2071         0      482 |     128      513    22205 |   457     3963       24   954843 | 36.331 % |
c |     2088         0      483 |     128      513    22370 |   462     3986       24   964723 | 36.329 % |
c |     2137         0      477 |     128      513    22466 |   467     3977       24   974665 | 36.329 % |
c |     2189         0      470 |     128      513    22489 |   472     3988       24   984601 | 36.330 % |
c |     2199         0      472 |     128      513    22535 |   477     3993       24   994549 | 36.329 % |
c |     2199         0      477 |     128      513    22666 |   482     3954       24  1004505 | 36.329 % |
c |     2211         0      479 |     128      513    22815 |   487     3980       24  1014352 | 36.329 % |
c |     2229         0      480 |     128      513    22885 |   492     3974       25  1024293 | 36.329 % |
c |     2254         0      479 |     128      513    23030 |   497     3958       25  1034225 | 36.329 % |
c |     2293         0      475 |     128      513    23128 |   502     3993       25  1044155 | 36.330 % |
c |     2320         0      474 |     128      513    23286 |   507     3974       25  1054111 | 36.329 % |
c |     2355         0      471 |     128      513    23545 |   512     3965       25  1064021 | 36.329 % |
c |     2379         0      470 |     128      513    23649 |   517     3974       25  1073939 | 36.329 % |
c |     2379         0      474 |     128      513    23792 |   522     3978       25  1083832 | 36.329 % |
c |     2404         0      474 |     128      513    23868 |   527     3986       25  1093770 | 36.329 % |
c |     2429         0      473 |     128      513    24112 |   532     3992       25  1103669 | 36.329 % |
c |     2465         0      470 |     128      513    24202 |   537     3973       25  1113631 | 36.329 % |
c |     2508         0      466 |     128      513    24348 |   542     3969       25  1123557 | 36.329 % |
c |     2527         0      466 |     128      513    24398 |   547     3979       25  1133498 | 36.329 % |
c |     2527         0      470 |     128      513    24448 |   552     3978       25  1143436 | 36.329 % |
c |     2574         0      466 |     128      513    24530 |   557     3993       25  1153369 | 36.329 % |
c |     2616         0      462 |     128      513    24700 |   562     3987       25  1163298 | 36.329 % |
c |     2616         0      466 |     128      513    24749 |   567     4000       25  1173252 | 36.329 % |
c |     2629         0      467 |     128      513    24775 |   572     3982       25  1183200 | 36.329 % |
c |     2692         0      460 |     128      513    24867 |   577     3973       25  1193136 | 36.329 % |
c |     2726         0      458 |     128      513    25071 |   582     3980       25  1203066 | 36.329 % |
c |     2728         0      461 |     128      513    25139 |   587     3987       25  1213013 | 36.329 % |
c |     2739         0      463 |     128      513    25324 |   592     3959       25  1222933 | 36.329 % |
c |     2746         0      466 |     128      513    25526 |   597     3938       25  1232843 | 36.329 % |
c |     2800         0      460 |     128      513    26186 |   602     3943       26  1242659 | 36.329 % |
c |     2856         0      455 |     128      513    26371 |   607     3993       26  1252520 | 36.329 % |
c |     2860         0      458 |     128      513    26487 |   612     3949       26  1262444 | 36.329 % |
c |     2882         0      458 |     128      513    26651 |   617     3962       26  1272301 | 36.329 % |
c |     2899         0      458 |     128      513    26907 |   622     3964       26  1282175 | 36.329 % |
c |     2936         0      456 |     128      513    27047 |   627     3986       26  1292073 | 36.329 % |
c |     2967         0      455 |     128      513    27325 |   632     3962       26  1301981 | 36.329 % |
c |     3004         0      452 |     128      513    27443 |   637     3987       26  1311897 | 36.329 % |
c |     3024         0      453 |     128      513    27777 |   642     3973       27  1321789 | 36.329 % |
c |     3067         0      449 |     128      513    27911 |   647     3985       27  1331710 | 36.329 % |
c |     3083         0      450 |     128      513    28018 |   652     3973       27  1341639 | 36.329 % |
c |     3112         0      449 |     128      513    28138 |   657     3987       27  1351547 | 36.329 % |
c |     3120         0      451 |     128      513    28269 |   662     3987       27  1361472 | 36.329 % |
c |     3120         0      455 |     128      513    28458 |   667     3937       27  1371357 | 36.329 % |
c |     3123         0      457 |     128      513    28787 |   672     3973       28  1381208 | 36.331 % |
c |     3123         0      461 |     128      513    29116 |   677     3964       29  1391064 | 36.331 % |
c |     3123         0      464 |     128      513    29543 |   682     3933       30  1400923 | 36.331 % |
c |     3123         0      467 |     128      513    29718 |   687     3962       30  1410785 | 36.331 % |
c |     3123         0      470 |     128      513    29831 |   692     3985       30  1420697 | 36.331 % |
c |     3123         0      473 |     128      513    29950 |   697     3972       30  1430615 | 36.331 % |
c |     3123         0      477 |     128      513    30274 |   702     3929       30  1440498 | 36.331 % |
c |     3124         0      480 |     128      513    30687 |   707     3967       31  1450273 | 36.329 % |
c |     3138         0      481 |     128      513    30858 |   712     3967       31  1460150 | 36.329 % |
c |     3164         0      480 |     128      513    31398 |   717     3958       32  1469997 | 36.329 % |
c |     3191         0      479 |     128      513    31449 |   722     3986       32  1479905 | 36.329 % |
c |     3232         0      476 |     128      513    31663 |   727     3954       32  1489844 | 36.329 % |
c |     3248         0      477 |     128      513    31800 |   732     3979       32  1499718 | 36.329 % |
c |     3291         0      474 |     128      513    31904 |   737     3978       33  1509655 | 36.329 % |
c |     3294         0      476 |     128      513    31957 |   742     4000       33  1519597 | 36.329 % |
c |     3331         0      474 |     128      513    32088 |   747     3978       33  1529552 | 36.330 % |
c |     3360         0      473 |     128      513    32198 |   752     3983       33  1539477 | 36.329 % |
c |     3415         0      468 |     128      513    32283 |   757     3981       33  1549413 | 36.329 % |
c |     3444         0      467 |     128      513    32363 |   762     3980       33  1559365 | 36.329 % |
c |     3452         0      469 |     128      513    32384 |   767     3989       33  1569310 | 36.329 % |
c |     3457         0      471 |     128      513    32549 |   772     3972       33  1579215 | 36.329 % |
c |     3509         0      467 |     128      513    32678 |   777     3980       33  1589142 | 36.329 % |
c |     3527         0      467 |     128      513    32723 |   782     3990       34  1599086 | 36.329 % |
c |     3537         0      469 |     128      513    32979 |   787     3961       34  1609018 | 36.330 % |
c |     3537         0      472 |     128      513    33102 |   792     3990       34  1618938 | 36.330 % |
c |     3537         0      474 |     128      513    33170 |   797     3985       34  1628882 | 36.330 % |
c |     3542         0      477 |     128      513    33351 |   802     3968       35  1638790 | 36.329 % |
c |     3563         0      477 |     128      513    33426 |   807     3999       35  1648703 | 36.329 % |
c |     3576         0      478 |     128      513    33545 |   812     3987       35  1658661 | 36.329 % |
c |     3617         0      475 |     128      513    33733 |   817     3981       35  1668583 | 36.329 % |
c |     3644         0      474 |     128      513    33954 |   822     3976       36  1678506 | 36.329 % |
c |     3672         0      473 |     128      513    34073 |   827     3987       36  1688435 | 36.329 % |
c |     3672         0      476 |     128      513    34234 |   832     3984       36  1698376 | 36.329 % |
c |     3672         0      479 |     128      513    34349 |   837     3988       36  1708313 | 36.329 % |
c |     3697         0      478 |     128      513    34476 |   842     3979       36  1718248 | 36.329 % |
c |     3710         0      479 |     128      513    34621 |   847     3979       36  1728160 | 36.329 % |
c |     3745         0      477 |     128      513    34745 |   852     3995       37  1738082 | 36.329 % |
c |     3756         0      479 |     128      513    35067 |   857     3969       37  1747972 | 36.330 % |
c |     3773         0      479 |     128      513    35341 |   862     3966       38  1757861 | 36.329 % |
c |     3837         0      474 |     128      513    35567 |   867     3954       39  1767774 | 36.329 % |
c |     3857         0      474 |     128      513    35699 |   872     3971       40  1777679 | 36.329 % |
c |     3867         0      475 |     128      513    35825 |   877     3984       40  1787607 | 36.329 % |
c |     3868         0      478 |     128      513    36193 |   882     3971       40  1797521 | 36.329 % |
c |     3868         0      480 |     128      513    36336 |   887     3961       40  1807414 | 36.329 % |
c |     3879         0      482 |     128      513    36553 |   892     3962       40  1817323 | 36.329 % |
c |     3892         0      483 |     128      513    36748 |   897     3952       40  1827206 | 36.329 % |
c |     3919         0      482 |     128      513    36933 |   902     3994       40  1837111 | 36.330 % |
c |     3943         0      481 |     128      513    36996 |   907     4003       40  1847062 | 36.329 % |
c |     3992         0      478 |     128      513    37129 |   912     3936       40  1857005 | 36.329 % |
c |     4014         0      478 |     128      513    37430 |   917     3976       40  1866807 | 36.329 % |
c |     4026         0      479 |     128      513    37529 |   922     3999       40  1876725 | 36.329 % |
c |     4029         0      481 |     128      513    37672 |   927     3952       40  1886645 | 36.329 % |
c |     4033         0      483 |     128      513    37874 |   932     3980       40  1896500 | 36.329 % |
c |     4047         0      484 |     128      513    37921 |   937     3998       40  1906455 | 36.329 % |
c |     4083         0      482 |     128      513    38130 |   942     3968       40  1916403 | 36.329 % |
c |     4090         0      484 |     128      513    38270 |   947     3973       40  1926330 | 36.330 % |
c |     4105         0      484 |     128      513    38857 |   952     3941       40  1936193 | 36.329 % |
c |     4117         0      485 |     128      513    38979 |   957     3977       40  1946099 | 36.329 % |
c |     4118         0      488 |     128      513    39055 |   962     4000       40  1956042 | 36.329 % |
c |     4150         0      486 |     128      513    39222 |   967     3979       40  1965986 | 36.329 % |
c |     4156         0      488 |     128      513    39416 |   972     3964       40  1975886 | 36.329 % |
c |     4203         0      485 |     128      513    39535 |   977     3981       40  1985803 | 36.329 % |
c |     4203         0      487 |     128      513    39892 |   982     3976       41  1995686 | 36.329 % |
c |     4203         0      490 |     128      513    39980 |   987     3994       41  2005613 | 36.329 % |
c |     4203         0      492 |     128      513    40142 |   992     3971       41  2015541 | 36.329 % |
c |     4206         0      494 |     128      513    40378 |   997     3988       42  2025405 | 36.329 % |
c |     4228         0      494 |     128      513    40551 |  1002     3955       42  2035330 | 36.329 % |
c |     4238         0      495 |     128      513    40641 |  1007     3987       42  2045230 | 36.329 % |
c |     4246         0      496 |     128      513    40689 |  1012     3986       42  2055190 | 36.330 % |
c |     4296         0      493 |     128      513    40875 |  1017     3988       43  2065103 | 36.329 % |
c |     4309         0      494 |     128      513    41050 |  1022     3988       43  2075050 | 36.329 % |
c |     4333         0      493 |     128      513    41175 |  1027     3977       43  2084995 | 36.329 % |
c |     4354         0      493 |     128      513    41669 |  1032     3952       43  2094882 | 36.329 % |
c |     4370         0      494 |     128      513    41961 |  1037     3959       43  2104744 | 36.330 % |
c |     4423         0      490 |     128      513    42315 |  1042     3962       43  2114640 | 36.329 % |
c |     4456         0      489 |     128      513    42570 |  1047     3986       43  2124535 | 36.329 % |
c |     4492         0      487 |     128      513    42647 |  1052     3987       43  2134469 | 36.329 % |
c |     4518         0      486 |     128      513    42858 |  1057     3977       43  2144408 | 36.329 % |
c |     4537         0      487 |     128      513    43422 |  1062     3957       43  2154243 | 36.330 % |
c |     4550         0      487 |     128      513    43725 |  1067     3962       43  2164099 | 36.329 % |
c |     4575         0      487 |     128      513    44195 |  1072     3963       44  2173936 | 36.329 % |
c |     4579         0      489 |     128      513    44249 |  1077     3987       44  2183862 | 36.329 % |
c |     4625         0      486 |     128      513    44311 |  1082     3991       44  2193822 | 36.329 % |
c |     4674         0      483 |     128      513    44429 |  1087     3977       44  2203773 | 36.329 % |
c |     4759         0      476 |     128      513    44481 |  1092     3995       44  2213728 | 36.330 % |
c |     4809         0      474 |     128      513    44513 |  1097     3993       44  2223687 | 36.329 % |
c |     4814         0      475 |     128      513    44759 |  1102     3957       44  2233613 | 36.329 % |
c |     4814         0      477 |     128      513    45225 |  1107     3938       44  2243459 | 36.329 % |
c |     4823         0      478 |     128      513    46174 |  1112     3947       46  2253229 | 36.329 % |
c |     4827         0      480 |     128      513    46235 |  1117     3990       46  2263135 | 36.330 % |
c |     4837         0      481 |     128      513    46391 |  1122     3985       46  2273067 | 36.329 % |
c |     4896         0      477 |     128      513    46713 |  1127     3956       46  2282989 | 36.329 % |
c |     4962         0      473 |     128      513    46858 |  1132     3995       47  2292897 | 36.329 % |
c |     5051         0      467 |     128      513    46963 |  1137     3982       47  2302861 | 36.329 % |
c |     5061         0      468 |     128      513    47001 |  1142     3996       47  2312816 | 36.330 % |
c |     5093         0      467 |     128      513    47124 |  1147     3985       47  2322752 | 36.329 % |
c |     5119         0      466 |     128      513    47286 |  1152     3994       47  2332672 | 36.329 % |
c |     5168         0      464 |     128      513    47411 |  1157     3982       47  2342636 | 36.329 % |
c |     5203         0      463 |     128      513    47448 |  1162     3995       47  2352599 | 36.329 % |
c |     5216         0      463 |     128      513    47656 |  1167     3970       47  2362514 | 36.330 % |
c |     5225         0      465 |     128      513    47821 |  1172     3970       47  2372426 | 36.330 % |
c |     5250         0      464 |     128      513    48261 |  1177     3952       47  2382292 | 36.329 % |
c |     5257         0      466 |     128      513    48672 |  1182     3936       47  2392174 | 36.329 % |
c |     5294         0      464 |     128      513    48906 |  1187     3983       47  2402027 | 36.329 % |
c |     5331         0      463 |     128      513    49048 |  1192     3989       47  2411948 | 36.330 % |
c |     5359         0      462 |     128      513    49193 |  1197     3979       47  2421888 | 36.329 % |
c |     5369         0      463 |     128      513    49288 |  1202     3994       47  2431808 | 36.329 % |
c |     5388         0      463 |     128      513    49328 |  1207     3998       47  2441769 | 36.329 % |
c |     5414         0      463 |     128      513    49537 |  1212     3992       47  2451721 | 36.329 % |
c |     5462         0      461 |     128      513    49635 |  1217     3981       47  2461664 | 36.329 % |
c |     5477         0      461 |     128      513    49851 |  1222     3966       47  2471574 | 36.329 % |
c |     5493         0      462 |     128      513    49898 |  1227     3990       47  2481508 | 36.330 % |
c |     5538         0      460 |     128      513    49987 |  1232     4000       47  2491452 | 36.330 % |
c |     5553         0      461 |     128      513    50317 |  1237     3962       48  2501370 | 36.329 % |
c |     5564         0      461 |     128      513    50644 |  1242     3964       48  2511267 | 36.329 % |
c |     5629         0      458 |     128      513    50763 |  1247     3998       48  2521175 | 36.329 % |
c |     5652         0      458 |     128      513    50888 |  1252     3975       48  2531105 | 36.330 % |
c |     5700         0      456 |     128      513    51032 |  1257     3973       48  2541039 | 36.329 % |
c |     5737         0      454 |     128      513    51189 |  1262     3981       50  2550977 | 36.329 % |
c |     5793         0      452 |     128      513    51328 |  1267     3989       50  2560909 | 36.329 % |
c |     5804         0      453 |     128      513    51366 |  1272     3993       50  2570851 | 36.329 % |
c |     5815         0      453 |     128      513    51405 |  1277     3991       50  2580820 | 36.330 % |
c |     5835         0      454 |     128      513    51447 |  1282     3987       50  2590769 | 36.329 % |
c |     5842         0      455 |     128      513    51545 |  1287     3984       50  2600717 | 36.329 % |
c |     5856         0      455 |     127      505    -3801 |  1292     1745       59  2610595 | 36.425 % |
c |     5856         0      457 |     127      505    -3438 |  1297     3912       59  2618306 | 36.425 % |
c |     5909         0      455 |     127      505    -3311 |  1302     3991       59  2628183 | 36.425 % |
c |     5942         0      454 |     127      505    -3286 |  1307     3986       59  2638139 | 36.425 % |
c |     5963         0      454 |     127      505    -3142 |  1312     3961       59  2648080 | 36.426 % |
c |     5968         0      455 |     127      505    -2948 |  1317     3962       59  2657983 | 36.425 % |
c |     5970         0      457 |     127      505    -2772 |  1322     3991       59  2667848 | 36.425 % |
c |     5970         0      458 |     127      505    -2720 |  1327     3985       59  2677789 | 36.425 % |
c |     5986         0      459 |     127      505    -2543 |  1332     3962       59  2687700 | 36.425 % |
c |     6007         0      459 |     127      505    -2396 |  1337     3983       59  2697611 | 36.425 % |
c |     6025         0      459 |     127      505    -2367 |  1342     3993       59  2707573 | 36.425 % |
c |     6069         0      458 |     127      505    -2238 |  1347     3979       59  2717539 | 36.425 % |
c |     6097         0      457 |     127      505    -2057 |  1352     3982       60  2727468 | 36.425 % |
c |     6121         0      457 |     127      505    -1628 |  1357     3965       60  2737366 | 36.425 % |
c |     6170         0      455 |     127      505    -1501 |  1362     3971       60  2747298 | 36.425 % |
c |     6171         0      456 |     127      505    -1371 |  1367     3978       60  2757204 | 36.426 % |
c |     6171         0      458 |     127      505    -1256 |  1372     3986       60  2767133 | 36.426 % |
c |     6239         0      455 |     127      505    -1199 |  1377     3994       60  2777095 | 36.425 % |
c |     6253         0      455 |     127      505    -1061 |  1382     3994       60  2787027 | 36.425 % |
c |     6253         0      457 |     127      505     -919 |  1387     3989       60  2796948 | 36.425 % |
c |     6253         0      458 |     127      505     -850 |  1392     3971       60  2806886 | 36.425 % |
c |     6278         0      458 |     127      505     -684 |  1397     3986       60  2816803 | 36.425 % |
c |     6301         0      458 |     127      505     -597 |  1402     3977       60  2826766 | 36.425 % |
c |     6348         0      456 |     127      505     -469 |  1407     3990       60  2836703 | 36.425 % |
c |     6371         0      456 |     127      505     -330 |  1412     3968       60  2846654 | 36.425 % |
c |     6431         0      454 |     127      505     -174 |  1417     3974       60  2856575 | 36.425 % |
c |     6454         0      453 |     127      505       86 |  1422     3971       60  2866480 | 36.425 % |
c |     6514         0      451 |     127      505      212 |  1427     3980       60  2876411 | 36.425 % |
c |     6514         0      452 |     127      505      376 |  1432     3971       60  2886342 | 36.425 % |
c |     6514         0      454 |     127      505      575 |  1437     3941       60  2896274 | 36.425 % |
c |     6519         0      455 |     127      505     1117 |  1442     3903       61  2906134 | 36.425 % |
c |     6605         0      451 |     127      505     1204 |  1447     3986       61  2916004 | 36.425 % |
c |     6611         0      452 |     127      505     1981 |  1452     3897       62  2925924 | 36.425 % |
c |     6644         0      451 |     127      505     2277 |  1457     3983       63  2935763 | 36.425 % |
c |     6644         0      453 |     127      505     2514 |  1462     3983       63  2945678 | 36.425 % |
c |     6663         0      453 |     127      505     2669 |  1467     3982       63  2955626 | 36.425 % |
c |     6720         0      450 |     127      505     2723 |  1472     3993       63  2965584 | 36.425 % |
c |     6769         0      449 |     127      505     2815 |  1477     3982       63  2975533 | 36.425 % |
c |     6769         0      450 |     127      505     2979 |  1482     3982       63  2985459 | 36.425 % |
c |     6776         0      451 |     127      505     3285 |  1487     3946       63  2995350 | 36.425 % |
c |     6813         0      450 |     127      505     3422 |  1492     3969       63  3005241 | 36.425 % |
c |     6813         0      452 |     127      505     4137 |  1497     3919       63  3015080 | 36.425 % |
c |     6839         0      451 |     127      505     4950 |  1502     3985       64  3024855 | 36.425 % |
c |     6881         0      450 |     127      505     5085 |  1507     3964       64  3034813 | 36.425 % |
c |     6898         0      450 |     127      505     5105 |  1512     3995       64  3044741 | 36.427 % |
c |     6898         0      452 |     127      505     5625 |  1517     3948       65  3054600 | 36.427 % |
c |     6898         0      453 |     127      505     6459 |  1522     3894       67  3064404 | 36.427 % |
c |     6908         0      454 |     126      496   -10469 |  1527     3225       76  3073317 | 36.520 % |
c |     6961         0      452 |     126      496   -10258 |  1532     3964       76  3082530 | 36.520 % |
c |     6973         0      453 |     126      496   -10202 |  1537     3996       76  3092463 | 36.521 % |
c |     6975         0      454 |     126      496   -10159 |  1542     3998       76  3102418 | 36.521 % |
c |     7030         0      452 |     126      496   -10039 |  1547     3984       78  3112365 | 36.520 % |
c |     7070         0      451 |     126      496    -9934 |  1552     3981       78  3122308 | 36.520 % |
c |     7131         0      448 |     126      496    -9793 |  1557     3977       78  3132252 | 36.520 % |
c |     7181         0      447 |     126      496    -9743 |  1562     3988       79  3142196 | 36.520 % |
c |     7244         0      444 |     126      496    -9727 |  1567     3991       79  3152168 | 36.520 % |
c |     7283         0      443 |     126      496    -9692 |  1572     3987       79  3162123 | 36.520 % |
c |     7311         0      443 |     126      496    -9543 |  1577     3981       79  3172065 | 36.520 % |
c |     7318         0      444 |     126      496    -9316 |  1582     3955       79  3182010 | 36.520 % |
c |     7320         0      445 |     126      496    -8219 |  1587     3926       82  3191771 | 36.521 % |
c |     7320         0      446 |     126      496    -8204 |  1592     3998       82  3201646 | 36.521 % |
c |     7320         0      448 |     126      496    -7956 |  1597     3979       82  3211570 | 36.521 % |
c |     7340         0      448 |     126      496    -7883 |  1602     3994       83  3221501 | 36.520 % |
c |     7351         0      448 |     126      496    -7674 |  1607     3982       85  3231441 | 36.521 % |
c |     7374         0      448 |     126      496    -7514 |  1612     3992       86  3241358 | 36.520 % |
c |     7397         0      448 |     126      496    -7339 |  1617     3976       86  3251282 | 36.520 % |
c |     7430         0      448 |     126      496    -7135 |  1622     3961       86  3261203 | 36.520 % |
c |     7481         0      446 |     126      496    -7051 |  1627     3994       86  3271127 | 36.520 % |
c |     7508         0      446 |     126      496    -6839 |  1632     3981       86  3281050 | 36.520 % |
c |     7544         0      445 |     126      496    -6546 |  1637     3995       86  3290984 | 36.521 % |
c |     7550         0      446 |     126      496    -6507 |  1642     3996       86  3300957 | 36.520 % |
c |     7577         0      446 |     126      496    -6306 |  1647     3997       86  3310896 | 36.520 % |
c |     7640         0      443 |     126      496    -6213 |  1652     3981       86  3320870 | 36.520 % |
c |     7652         0      444 |     126      496    -6050 |  1657     3973       86  3330780 | 36.521 % |
c |     7717         0      441 |     126      496    -5913 |  1662     3981       86  3340700 | 36.520 % |
c |     7745         0      441 |     126      496    -5798 |  1667     3987       86  3350649 | 36.520 % |
c |     7745         0      442 |     126      496    -5570 |  1672     3989       86  3360580 | 36.520 % |
c |     7762         0      443 |     126      496    -5235 |  1677     3984       86  3370483 | 36.521 % |
c |     7775         0      443 |     126      496    -5188 |  1682     3983       86  3380432 | 36.521 % |
c |     7799         0      443 |     126      496    -5010 |  1687     3993       86  3390362 | 36.520 % |
c |     7808         0      444 |     126      496    -5006 |  1692     3998       86  3400326 | 36.520 % |
c |     7843         0      443 |     126      496    -4767 |  1697     3969       86  3410281 | 36.521 % |
c |     7866         0      443 |     126      496    -4534 |  1702     3980       86  3420192 | 36.520 % |
c |     7890         0      443 |     126      496    -4486 |  1707     3990       86  3430138 | 36.520 % |
c |     7941         0      442 |     126      496    -4341 |  1712     3986       86  3440098 | 36.520 % |
c |     7954         0      442 |     126      496    -4010 |  1717     3975       88  3450020 | 36.520 % |
c |     7980         0      442 |     126      496    -3879 |  1722     3991       88  3459957 | 36.520 % |
c |     8008         0      442 |     126      496    -3743 |  1727     3992       88  3469907 | 36.521 % |
c |     8008         0      443 |     126      496    -3580 |  1732     3983       88  3479859 | 36.521 % |
c |     8008         0      444 |     126      496    -3284 |  1737     3955       88  3489735 | 36.521 % |
c |     8008         0      445 |     126      496    -2865 |  1742     3968       89  3499582 | 36.521 % |
c |     8008         0      447 |     126      496    -2711 |  1747     3959       89  3509506 | 36.521 % |
c |     8018         0      447 |     126      496    -2513 |  1752     3988       90  3519365 | 36.520 % |
c |     8047         0      447 |     126      496    -2427 |  1757     3986       90  3529306 | 36.520 % |
c |     8083         0      446 |     126      496    -2274 |  1762     3989       91  3539242 | 36.521 % |
c |     8115         0      446 |     126      496    -2154 |  1767     3993       91  3549196 | 36.520 % |
c |     8164         0      444 |     126      496    -2121 |  1772     4001       91  3559153 | 36.520 % |
c |     8196         0      444 |     126      496    -2064 |  1777     3998       91  3569129 | 36.521 % |
c |     8225         0      443 |     126      496    -1895 |  1782     3977       91  3579089 | 36.521 % |
c |     8237         0      444 |     126      496    -1773 |  1787     3993       92  3589016 | 36.520 % |
c |     8252         0      444 |     126      496    -1603 |  1792     3993       92  3598931 | 36.520 % |
c |     8318         0      442 |     126      496    -1533 |  1797     4000       92  3608902 | 36.520 % |
c |     8349         0      441 |     126      496    -1467 |  1802     3986       92  3618867 | 36.521 % |
c |     8377         0      441 |     126      496    -1387 |  1807     3980       92  3628826 | 36.521 % |
c |     8400         0      441 |     126      496    -1271 |  1812     3994       92  3638752 | 36.520 % |
c |     8431         0      441 |     126      496    -1171 |  1817     3984       92  3648693 | 36.520 % |
c |     8431         0      442 |     126      496    -1114 |  1822     3996       92  3658635 | 36.520 % |
c |     8468         0      441 |     126      496    -1014 |  1827     3991       92  3668587 | 36.521 % |
c |     8480         0      442 |     126      496     -628 |  1832     3990       92  3678516 | 36.521 % |
c |     8554         0      439 |     126      496     -581 |  1837     3995       92  3688464 | 36.520 % |
c |     8624         0      437 |     126      496     -537 |  1842     4000       92  3698435 | 36.521 % |
c |     8625         0      438 |     126      496     -265 |  1847     3943       92  3708378 | 36.520 % |
c |     8628         0      439 |     126      496      100 |  1852     3979       93  3718219 | 36.520 % |
c |     8653         0      439 |     126      496      169 |  1857     3988       93  3728164 | 36.521 % |
c |     8675         0      439 |     126      496      338 |  1862     3984       93  3738117 | 36.520 % |
c |     8708         0      438 |     126      496      484 |  1867     3975       93  3748049 | 36.520 % |
c |     8719         0      439 |     126      496      546 |  1872     3973       93  3757980 | 36.521 % |
c |     8726         0      440 |     126      496      760 |  1877     3989       94  3767854 | 36.520 % |
c |     8783         0      438 |     126      496      935 |  1882     3993       94  3777797 | 36.520 % |
c |     8831         0      437 |     126      496      981 |  1887     3992       94  3787765 | 36.521 % |
c |     8846         0      437 |     126      496     1096 |  1892     3995       94  3797707 | 36.520 % |
c |     8872         0      437 |     126      496     1211 |  1897     3995       94  3807670 | 36.520 % |
c |     8898         0      437 |     126      496     1256 |  1902     3983       94  3817638 | 36.521 % |
c |     8908         0      437 |     126      496     1328 |  1907     3995       94  3827574 | 36.520 % |
c |     8928         0      437 |     126      496     1425 |  1912     3978       94  3837524 | 36.520 % |
c |     8944         0      438 |     126      496     1523 |  1917     3984       94  3847470 | 36.521 % |
c |     8944         0      439 |     126      496     1570 |  1922     4002       94  3857413 | 36.521 % |
c |     8957         0      439 |     126      496     1659 |  1927     3982       94  3867386 | 36.520 % |
c |     8968         0      440 |     126      496     1853 |  1932     3981       94  3877319 | 36.520 % |
c |     8978         0      441 |     126      496     2350 |  1937     3959       94  3887163 | 36.521 % |
c |     8985         0      441 |     126      496     2410 |  1942     3986       94  3897087 | 36.520 % |
c |     8998         0      442 |     126      496     2620 |  1947     3968       94  3907010 | 36.521 % |
c |     9009         0      442 |     126      496     2739 |  1952     3988       94  3916903 | 36.520 % |
c |     9039         0      442 |     126      496     2762 |  1957     3997       94  3926853 | 36.520 % |
c |     9179         0      436 |     126      496     2848 |  1962     3993       94  3936823 | 36.522 % |
c |     9202         0      436 |     126      496     2918 |  1967     3995       94  3946762 | 36.520 % |
c |     9221         0      437 |     126      496     2996 |  1972     3997       94  3956708 | 36.521 % |
c |     9249         0      436 |     126      496     3188 |  1977     3976       95  3966647 | 36.521 % |
c |     9268         0      436 |     126      496     3499 |  1982     3981       95  3976564 | 36.520 % |
c |     9300         0      436 |     126      496     3619 |  1987     4000       95  3986513 | 36.520 % |
c |     9315         0      436 |     126      496     3865 |  1992     3964       95  3996472 | 36.521 % |
c |     9315         0      438 |     126      496     3933 |  1997     3986       95  4006384 | 36.521 % |
c |     9315         0      439 |     126      496     4110 |  2002     3962       95  4016305 | 36.521 % |
c |     9326         0      439 |     126      496     4179 |  2007     3993       95  4026237 | 36.521 % |
c |     9334         0      440 |     126      496     4283 |  2012     3989       95  4036200 | 36.520 % |
c |     9364         0      439 |     126      496     4476 |  2017     3975       96  4046123 | 36.520 % |
c |     9366         0      440 |     126      496     4807 |  2022     3957       96  4055976 | 36.520 % |
c |     9385         0      441 |     126      496     4880 |  2027     3972       96  4065893 | 36.521 % |
c |     9405         0      441 |     126      496     5071 |  2032     3985       96  4075800 | 36.521 % |
c |     9416         0      441 |     126      496     5292 |  2037     3989       96  4085722 | 36.520 % |
c |     9434         0      442 |     126      496     5398 |  2042     3980       96  4095663 | 36.521 % |
c |     9472         0      441 |     126      496     5502 |  2047     3993       96  4105609 | 36.520 % |
c |     9511         0      440 |     126      496     5655 |  2052     3985       96  4115569 | 36.521 % |
c |     9523         0      441 |     126      496     5681 |  2057     4000       96  4125530 | 36.521 % |
c |     9548         0      440 |     126      496     5833 |  2062     3979       96  4135479 | 36.520 % |
c |     9584         0      440 |     126      496     6029 |  2067     3989       96  4145409 | 36.520 % |
c |     9609         0      440 |     126      496     6156 |  2072     3980       96  4155359 | 36.520 % |
c |     9612         0      441 |     126      496     6173 |  2077     3999       96  4165321 | 36.520 % |
c |     9640         0      440 |     126      496     6413 |  2082     3964       97  4175263 | 36.521 % |
c |     9640         0      441 |     126      496     6589 |  2087     3983       97  4185176 | 36.521 % |
c |     9681         0      441 |     126      496     6813 |  2092     3990       97  4195081 | 36.521 % |
c |     9708         0      440 |     126      496     6867 |  2097     3983       97  4205035 | 36.520 % |
c |     9708         0      441 |     126      496     7141 |  2102     3964       97  4214938 | 36.520 % |
c |     9713         0      442 |     126      496     7348 |  2107     3977       97  4224827 | 36.520 % |
c |     9724         0      443 |     126      496     7552 |  2112     3973       98  4234737 | 36.522 % |
c |     9724         0      444 |     126      496     7756 |  2117     3973       98  4244630 | 36.522 % |
c |     9757         0      443 |     126      496     7788 |  2122     3996       98  4254579 | 36.520 % |
c |     9772         0      444 |     126      496     7914 |  2127     3996       98  4264542 | 36.520 % |
c |     9810         0      443 |     126      496     8029 |  2132     3982       98  4274495 | 36.520 % |
c |     9818         0      444 |     126      496     8120 |  2137     3983       98  4284434 | 36.520 % |
c |     9864         0      443 |     126      496     8361 |  2142     3970       99  4294370 | 36.520 % |
c |     9877         0      443 |     126      496     8509 |  2147     3992       99  4304289 | 36.520 % |
c |     9891         0      443 |     126      496     8703 |  2152     3974       99  4314197 | 36.521 % |
c |     9905         0      444 |     126      496     8885 |  2157     3990       99  4324109 | 36.520 % |
c |     9921         0      444 |     126      496     8999 |  2162     3993       99  4334050 | 36.520 % |
c |     9965         0      443 |     126      496     9037 |  2167     3999       99  4344012 | 36.520 % |
c |     9965         0      444 |     126      496     9122 |  2172     4005       99  4353970 | 36.520 % |
c |     9979         0      444 |     126      496     9162 |  2177     3990       99  4363922 | 36.520 % |
c |    10002         0      444 |     126      496     9382 |  2182     4000       99  4373847 | 36.520 % |
c |    10002         0      445 |     126      496     9514 |  2187     3984       99  4383801 | 36.520 % |
c |    10007         0      446 |     126      496     9754 |  2192     3954       99  4393729 | 36.521 % |
c |    10054         0      445 |     126      496    10319 |  2197     3996      100  4403568 | 36.521 % |
c |    10116         0      443 |     126      496    10389 |  2202     4001      100  4413541 | 36.520 % |
c |    10155         0      443 |     126      496    10491 |  2207     4003      100  4423502 | 36.521 % |
c |    10187         0      442 |     126      496    10528 |  2212     3994      100  4433482 | 36.521 % |
c |    10204         0      442 |     126      496    10564 |  2217     3997      100  4443441 | 36.520 % |
c |    10270         0      441 |     126      496    10850 |  2222     3986      101  4453376 | 36.520 % |
c |    10279         0      441 |     126      496    11464 |  2227     3928      101  4463248 | 36.520 % |
c |    10290         0      442 |     126      496    11683 |  2232     3966      101  4473141 | 36.520 % |
c |    10305         0      442 |     126      496    12092 |  2237     3981      103  4483028 | 36.520 % |
c |    10321         0      442 |     126      496    12299 |  2242     3990      103  4492959 | 36.521 % |
c |    10332         0      443 |     126      496    12346 |  2247     4002      103  4502908 | 36.521 % |
c |    10342         0      443 |     126      496    12495 |  2252     3970      103  4512849 | 36.520 % |
c |    10382         0      443 |     126      496    12766 |  2257     3959      104  4522762 | 36.522 % |
c |    10390         0      443 |     126      496    13175 |  2262     3981      106  4532614 | 36.520 % |
c |    10398         0      444 |     126      496    13253 |  2267     3984      106  4542556 | 36.520 % |
c |    10398         0      445 |     126      496    13943 |  2272     3881      107  4552439 | 36.520 % |
c |    10398         0      446 |     126      496    14098 |  2277     3989      107  4562283 | 36.520 % |
c |    10398         0      447 |     126      496    14139 |  2282     4011      107  4572232 | 36.520 % |
c |    10401         0      448 |     126      496    14246 |  2287     3991      107  4582201 | 36.520 % |
c |    10405         0      448 |     126      496    14271 |  2292     4001      107  4592148 | 36.521 % |
c |    10405         0      449 |     126      496    14303 |  2297     3993      107  4602120 | 36.521 % |
c |    10418         0      450 |     126      496    14403 |  2302     3988      107  4612059 | 36.520 % |
c |    10418         0      451 |     126      496    14459 |  2307     3985      107  4622000 | 36.520 % |
c |    10419         0      452 |     126      496    15045 |  2312     3967      107  4631855 | 36.520 % |
c |    10428         0      452 |     126      496    15262 |  2317     3972      108  4641753 | 36.521 % |
c |    10467         0      451 |     126      496    15349 |  2322     3986      108  4651688 | 36.522 % |
c |    10476         0      452 |     126      496    15635 |  2327     3975      110  4661609 | 36.520 % |
c |    10476         0      453 |     126      496    15873 |  2332     3980      110  4671516 | 36.520 % |
c |    10489         0      453 |     126      496    16149 |  2337     3965      110  4681423 | 36.520 % |
c |    10499         0      454 |     126      496    16345 |  2342     3978      111  4691329 | 36.520 % |
c |    10499         0      455 |     126      496    16444 |  2347     3995      111  4701265 | 36.520 % |
c |    10504         0      456 |     126      496    16632 |  2352     3984      112  4711193 | 36.521 % |
c |    10504         0      456 |     126      496    16821 |  2357     3979      112  4721115 | 36.521 % |
c |    10504         0      457 |     126      496    17014 |  2362     3955      112  4731046 | 36.521 % |
c |    10513         0      458 |     126      496    17110 |  2367     3984      113  4740962 | 36.521 % |
c |    10541         0      458 |     126      496    17244 |  2372     3979      113  4750907 | 36.520 % |
c |    10564         0      458 |     126      496    17286 |  2377     3986      113  4760857 | 36.520 % |
c |    10564         0      459 |     126      496    17426 |  2382     3994      113  4770779 | 36.520 % |
c |    10586         0      459 |     126      496    17595 |  2387     3983      113  4780723 | 36.521 % |
c |    10598         0      459 |     126      496    17729 |  2392     3983      113  4790671 | 36.520 % |
c |    10598         0      460 |     126      496    18005 |  2397     3974      114  4800576 | 36.520 % |
c |    10601         0      461 |     126      496    18418 |  2402     3978      114  4810459 | 36.520 % |
c |    10635         0      460 |     126      496    19149 |  2407     3979      115  4820294 | 36.521 % |
c |    10638         0      461 |     126      496    19370 |  2412     3948      115  4830214 | 36.521 % |
c |    10669         0      461 |     126      496    19794 |  2417     3994      116  4840064 | 36.520 % |
c |    10680         0      461 |     126      496    19841 |  2422     3991      116  4850014 | 36.520 % |
c |    10685         0      462 |     126      496    19929 |  2427     3995      116  4859966 | 36.520 % |
c |    10689         0      463 |     126      496    19998 |  2432     3994      116  4869922 | 36.521 % |
c |    10689         0      464 |     126      496    20581 |  2437     3956      117  4879759 | 36.521 % |
c |    10689         0      464 |     126      496    21012 |  2442     3911      119  4889663 | 36.522 % |
c |    10689         0      465 |     125      488   -22550 |  2447     3806      124  4898161 | 36.616 % |
c |    10689         0      466 |     125      488   -22183 |  2452     3966      124  4907875 | 36.616 % |
c |    10694         0      467 |     125      488   -21768 |  2457     3983      125  4917699 | 36.616 % |
c |    10699         0      468 |     125      488   -21643 |  2462     3971      125  4927637 | 36.616 % |
c |    10699         0      469 |     124      482   -45414 |  2467     2279      130  4937494 | 36.711 % |
c |    10701         0      470 |     124      482   -45089 |  2472     3921      130  4945728 | 36.711 % |
c |    10710         0      470 |     124      482   -44785 |  2477     3976      130  4955541 | 36.711 % |
c |    10710         0      471 |     124      482   -44710 |  2482     3981      130  4965473 | 36.711 % |
c |    10724         0      471 |     124      482   -44467 |  2487     3983      130  4975371 | 36.711 % |
c |    10727         0      472 |     124      482   -43986 |  2492     3953      131  4985285 | 36.711 % |
c |    10737         0      473 |     124      482   -43466 |  2497     3943      131  4995134 | 36.712 % |
c |    10739         0      473 |     123      475   -59377 |  2502     3586      142  5003732 | 36.807 % |
c |    10771         0      473 |     123      475   -59268 |  2507     3981      142  5013285 | 36.807 % |
c |    10803         0      473 |     123      475   -59046 |  2512     3972      142  5023215 | 36.807 % |
c |    10816         0      473 |     123      475   -58824 |  2517     3955      142  5033115 | 36.807 % |
c |    10830         0      473 |     123      475   -58437 |  2522     3953      142  5042972 | 36.807 % |
c |    10858         0      473 |     122      468  -113956 |  2527     3503      149  5052341 | 36.903 % |
c |    10865         0      473 |     122      468  -113765 |  2532     3949      149  5061764 | 36.903 % |
c |    10867         0      474 |     122      468  -113100 |  2537     3957      150  5071566 | 36.903 % |
c |    10874         0      475 |     122      468  -112482 |  2542     3936      151  5081397 | 36.903 % |
c |    10878         0      476 |     121      463  -129429 |  2547     3550      156  5090003 | 36.998 % |
c |    10883         0      476 |     121      463  -128933 |  2552     3906      157  5099458 | 36.998 % |
c |    10889         0      477 |     121      463  -128361 |  2557     3877      158  5109272 | 36.999 % |
c |    10912         0      477 |     121      463  -128029 |  2562     3980      159  5119057 | 36.998 % |
c |    10919         0      478 |     121      463  -127532 |  2567     3950      160  5128934 | 36.998 % |
c |    10920         0      478 |     121      463  -127284 |  2572     3973      160  5138764 | 36.998 % |
c |    10923         0      479 |     121      463  -126999 |  2577     3950      160  5148661 | 36.998 % |
c |    10930         0      480 |     121      463  -126569 |  2582     3960      161  5158498 | 36.998 % |
c |    10941         0      480 |     121      463  -126168 |  2587     3959      161  5168372 | 36.998 % |
c =========================================================================================================
c restarts              : 10941 (481 conflicts in avg)
c blocked restarts      : 0 (multiple: 0) 
c last block at restart : 0
c nb ReduceDB           : 2592
c nb removed Clauses    : 5175123
c nb learnts DL2        : 190
c nb learnts size 2     : 112
c nb learnts size 1     : 14
c nb permanent learnts  : 51533
c conflicts             : 5269217        (19795 /sec)
c decisions             : 6376899        (0.00 % random) (23956 /sec)
c propagations          : 97236548       (365282 /sec)
c nb reduced Clauses    : 7276
c CPU time              : 266.196 s

s UNSATISFIABLE
