c
c This is glucose 4.1 --  based on MiniSAT (Many thanks to MiniSAT team)
c
c ========================================[ Problem Statistics ]===========================================
c |                                                                                                       |
c |  Number of variables:          1054                                                                   |
c |  Number of clauses:            2891                                                                   |
c |  Parse time:                   0.00 s                                                                 |
c |                                                                                                       |
c | Preprocesing is fully done
c |  Eliminated clauses:           0.02 Mb                                                                |
c |  Simplification time:          0.01 s                                                                 |
c |                                                                                                       |
c ========================================[ MAGIC CONSTANTS ]==============================================
c | Constants are supposed to work well together :-)                                                      |
c | however, if you find better choices, please let us known...                                           |
c |-------------------------------------------------------------------------------------------------------|
c | Adapt dynamically the solver after 100000 conflicts (restarts, reduction strategies...)               |
c |-------------------------------------------------------------------------------------------------------|
c |                                |                                |                                     |
c | - Restarts:                    | - Reduce Clause DB:            | - Minimize Asserting:               |
c |   * LBD Queue    :     50      |   * First     :   2000         |    * size <  30                     |
c |   * Trail  Queue :   5000      |   * Inc       :    300         |    * lbd  <   6                     |
c |   * K            :   0.80      |   * Special   :   1000         |                                     |
c |   * R            :   1.40      |   * Protected :  (lbd)< 30     |                                     |
c |                                |                                |                                     |
c ==================================[ Search Statistics (every  10000 conflicts) ]=========================
c |                                                                                                       |
c |          RESTARTS           |          ORIGINAL         |              LEARNT              | Progress |
c |       NB   Blocked  Avg Cfc |    Vars  Clauses Literals |   Red   Learnts    LBD2  Removed |          |
c =========================================================================================================
c |        2         0     5000 |     130      527     1689 |     2     6206        1     3793 | 36.244 % |
c |        3         0     6666 |     130      527     1689 |     3    11213        1     8786 | 36.243 % |
c |        3         0    10000 |     130      527     1689 |     4    13808        1    16191 | 36.243 % |
c |        3         0    13333 |     130      527     1689 |     5    13903        1    26096 | 36.243 % |
c |        5         0    10000 |     130      527     1689 |     5    23903        1    26096 | 36.244 % |
c |        5         0    12000 |     130      527     1689 |     6    21457        1    38542 | 36.244 % |
c |        5         0    14000 |     130      527     1689 |     7    16432        1    53567 | 36.244 % |
c |        5         0    16000 |     130      527     1689 |     7    26432        1    53567 | 36.244 % |
c |        5         0    18000 |     130      527     1689 |     8    18817        1    71182 | 36.244 % |
c |        5         0    20000 |     130      527     1689 |     8    28817        1    71182 | 36.244 % |
c
c Try to adapt solver strategies
c 
c Adjusting for low decision levels.
c
c Activating Chanseok Strategy: moved 3509 clauses to the permanent set.
c Removing of non permanent clauses.
c |        8         0    13750 |     130      527     2254 |    12     3673        1    77127 | 36.243 % |
c |       10         0    12000 |     130      527     2939 |    17     3852        2    86506 | 36.244 % |
c |       28         0     4642 |     130      527     3367 |    22     3851        4    96208 | 36.243 % |
c |       34         0     4117 |     130      527     3703 |    27     3877        4   105811 | 36.243 % |
c |       50         0     3000 |     130      527     4177 |    32     3892        4   115486 | 36.243 % |
c |       80         0     2000 |     130      527     4637 |    37     3928        5   125214 | 36.243 % |
c |       93         0     1827 |     130      527     5030 |    42     3911        5   134922 | 36.244 % |
c |       94         0     1914 |     130      527     5262 |    47     3945        5   144724 | 36.244 % |
c |       96         0     1979 |     130      527     5279 |    52     3992        5   154576 | 36.243 % |
c |      106         0     1886 |     130      527     5362 |    57     3968        5   164536 | 36.243 % |
c |      117         0     1794 |     130      527     5835 |    62     3907        5   174305 | 36.243 % |
c |      144         0     1527 |     130      527     6230 |    67     3924        5   184097 | 36.244 % |
c |      148         0     1554 |     130      527     6628 |    72     3888        5   193845 | 36.244 % |
c |      158         0     1518 |     130      527     6837 |    77     3916        5   203585 | 36.243 % |
c |      203         0     1231 |     130      527     7199 |    82     3953        5   213383 | 36.243 % |
c |      220         0     1181 |     130      527     7386 |    87     3943        5   223259 | 36.244 % |
c |      235         0     1148 |     130      527     7549 |    92     3931        5   233066 | 36.243 % |
c |      244         0     1147 |     130      527     8248 |    97     3853        5   242780 | 36.243 % |
c |      274         0     1058 |     130      527     8512 |   102     3946        5   252484 | 36.243 % |
c |      291         0     1030 |     130      527     8970 |   107     3893        5   262329 | 36.244 % |
c |      321         0      965 |     130      527     9580 |   112     3909        8   272057 | 36.243 % |
c |      367         0      871 |     130      527     9766 |   117     3950        8   281844 | 36.243 % |
c |      407         0      810 |     130      527     9981 |   122     3945        8   291667 | 36.243 % |
c |      437         0      778 |     130      527    10190 |   127     3943        9   301521 | 36.244 % |
c |      463         0      755 |     130      527    10960 |   132     3915        9   311218 | 36.243 % |
c |      490         0      734 |     130      527    11051 |   137     3959        9   321054 | 36.243 % |
c |      527         0      702 |     130      527    11229 |   142     3965        9   330917 | 36.243 % |
c |      547         0      694 |     130      527    11374 |   147     3949        9   340810 | 36.244 % |
c |      590         0      661 |     130      527    11712 |   152     3969        9   350633 | 36.244 % |
c |      606         0      660 |     130      527    11877 |   157     3935        9   360421 | 36.243 % |
c |      624         0      657 |     130      527    12120 |   162     3962       10   370248 | 36.243 % |
c |      629         0      667 |     130      527    12181 |   167     3978       10   380146 | 36.243 % |
c |      663         0      648 |     130      527    12390 |   172     3947       10   390034 | 36.243 % |
c |      687         0      640 |     130      527    12556 |   177     3976       10   399889 | 36.243 % |
c |      696         0      646 |     130      527    13038 |   182     3959       11   409715 | 36.244 % |
c |      733         0      627 |     130      527    13385 |   187     3962       12   419529 | 36.243 % |
c |      745         0      630 |     130      527    13551 |   192     3951       12   429411 | 36.243 % |
c |      775         0      619 |     130      527    13843 |   197     3973       14   439255 | 36.243 % |
c |      818         0      599 |     130      527    14021 |   202     3961       14   449154 | 36.243 % |
c |      857         0      583 |     130      527    14209 |   207     3960       14   458988 | 36.244 % |
c |      872         0      584 |     130      527    14802 |   212     3972       17   468811 | 36.243 % |
c |      891         0      583 |     130      527    15523 |   217     3901       17   478631 | 36.243 % |
c |      911         0      581 |     130      527    16377 |   222     3922       17   488254 | 36.244 % |
c |      930         0      580 |     130      527    16667 |   227     3933       17   498043 | 36.243 % |
c |      939         0      585 |     130      527    16886 |   232     3945       17   507875 | 36.243 % |
c |      966         0      579 |     130      527    16977 |   237     3971       17   517747 | 36.243 % |
c |      998         0      571 |     130      527    17325 |   242     3928       17   527611 | 36.244 % |
c |     1027         0      564 |     130      527    17600 |   247     3955       17   537458 | 36.243 % |
c |     1041         0      566 |     130      527    17921 |   252     3959       17   547282 | 36.244 % |
c |     1075         0      558 |     130      527    18095 |   257     3966       17   557162 | 36.243 % |
c |     1105         0      552 |     130      527    18273 |   262     3954       17   567030 | 36.243 % |
c |     1124         0      551 |     130      527    18459 |   267     3948       17   576902 | 36.243 % |
c |     1167         0      539 |     130      527    18739 |   272     3959       18   586740 | 36.243 % |
c |     1195         0      535 |     130      527    18835 |   277     3955       18   596638 | 36.243 % |
c |     1223         0      531 |     130      527    18996 |   282     3963       18   606513 | 36.243 % |
c |     1230         0      536 |     130      527    19336 |   287     3922       18   616378 | 36.243 % |
c |     1234         0      542 |     130      527    19468 |   292     3943       18   626179 | 36.243 % |
c |     1265         0      537 |     130      527    19836 |   297     3905       18   635983 | 36.243 % |
c |     1319         0      523 |     130      527    20051 |   302     3961       18   645815 | 36.243 % |
c |     1361         0      514 |     130      527    20516 |   307     3958       18   655657 | 36.243 % |
c |     1399         0      507 |     130      527    20659 |   312     3972       18   665556 | 36.243 % |
c |     1444         0      498 |     130      527    21044 |   317     3952       18   675405 | 36.243 % |
c |     1483         0      492 |     130      527    21248 |   322     3986       18   685281 | 36.243 % |
c |     1518         0      487 |     130      527    21457 |   327     3966       18   695167 | 36.243 % |
c |     1560         0      480 |     130      527    22134 |   332     3939       18   704997 | 36.243 % |
c |     1591         0      477 |     130      527    22386 |   337     3944       18   714844 | 36.243 % |
c |     1609         0      478 |     130      527    22711 |   342     3948       20   724670 | 36.243 % |
c |     1631         0      478 |     130      527    23008 |   347     3928       20   734509 | 36.243 % |
c |     1636         0      482 |     130      527    23249 |   352     3948       20   744367 | 36.243 % |
c |     1662         0      481 |     130      527    23432 |   357     3971       20   754239 | 36.243 % |
c |     1691         0      479 |     130      527    23662 |   362     3971       20   764099 | 36.243 % |
c |     1724         0      475 |     130      527    23889 |   367     3957       20   774016 | 36.243 % |
c |     1748         0      474 |     130      527    24136 |   372     3948       21   783886 | 36.244 % |
c |     1791         0      469 |     130      527    24417 |   377     3964       21   793735 | 36.243 % |
c |     1805         0      470 |     130      527    24598 |   382     3943       21   803636 | 36.243 % |
c |     1823         0      471 |     130      527    24794 |   387     3914       21   813511 | 36.243 % |
c |     1839         0      473 |     130      527    24977 |   392     3936       21   823350 | 36.243 % |
c |     1839         0      478 |     130      527    25023 |   397     3959       21   833224 | 36.243 % |
c |     1881         0      473 |     130      527    25220 |   402     3965       21   843108 | 36.243 % |
c |     1903         0      472 |     130      527    25709 |   407     3911       21   852972 | 36.244 % |
c |     1914         0      475 |     130      527    26110 |   412     3937       21   862730 | 36.243 % |
c |     1947         0      472 |     130      527    26729 |   417     3958       21   872537 | 36.243 % |
c |     1996         0      465 |     130      527    27039 |   422     3966       21   882413 | 36.243 % |
c |     2025         0      464 |     130      527    27607 |   427     3940       24   892207 | 36.243 % |
c |     2050         0      463 |     130      527    27871 |   432     3947       24   902060 | 36.243 % |
c |     2104         0      456 |     130      527    29655 |   437     3972       26   911841 | 36.243 % |
c |     2135         0      454 |     130      527    29834 |   442     3969       26   921733 | 36.243 % |
c |     2148         0      456 |     130      527    30017 |   447     3936       26   931600 | 36.243 % |
c |     2194         0      451 |     130      527    30504 |   452     3978       26   941401 | 36.243 % |
c |     2206         0      453 |     130      527    31260 |   457     3920       30   951253 | 36.243 % |
c |     2242         0      450 |     130      527    31677 |   462     3952       30   961059 | 36.243 % |
c |     2275         0      448 |     130      527    31804 |   467     3984       30   970939 | 36.243 % |
c |     2300         0      447 |     130      527    32172 |   472     3926       30   980819 | 36.243 % |
c |     2350         0      442 |     130      527    32392 |   477     3942       30   990671 | 36.243 % |
c |     2383         0      440 |     130      527    32698 |   482     3966       36  1000502 | 36.244 % |
c |     2402         0      441 |     130      527    32795 |   487     3959       36  1010401 | 36.243 % |
c |     2411         0      443 |     130      527    33226 |   492     3940       36  1020234 | 36.243 % |
c |     2425         0      445 |     130      527    33513 |   497     3952       36  1030070 | 36.243 % |
c |     2461         0      442 |     130      527    33873 |   502     3949       36  1039947 | 36.243 % |
c |     2491         0      441 |     130      527    34177 |   507     3980       36  1049811 | 36.243 % |
c |     2518         0      440 |     130      527    34535 |   512     3936       36  1059705 | 36.243 % |
c |     2545         0      440 |     130      527    34615 |   517     3964       36  1069601 | 36.243 % |
c |     2555         0      442 |     130      527    34683 |   522     3968       36  1079514 | 36.243 % |
c |     2574         0      442 |     130      527    34792 |   527     3959       36  1089399 | 36.243 % |
c |     2597         0      442 |     130      527    35193 |   532     3975       36  1099229 | 36.243 % |
c |     2604         0      445 |     130      527    35755 |   537     3940       36  1109051 | 36.243 % |
c |     2604         0      449 |     130      527    36031 |   542     3962       36  1118849 | 36.243 % |
c |     2620         0      450 |     130      527    36419 |   547     3967       36  1128679 | 36.243 % |
c |     2629         0      452 |     130      527    36603 |   552     3985       36  1138597 | 36.243 % |
c |     2650         0      452 |     130      527    37487 |   557     3913       37  1148519 | 36.244 % |
c |     2668         0      453 |     130      527    37643 |   562     3969       37  1158358 | 36.243 % |
c |     2686         0      454 |     130      527    37802 |   567     3958       37  1168243 | 36.243 % |
c |     2709         0      454 |     130      527    38149 |   572     3961       38  1178102 | 36.243 % |
c |     2736         0      453 |     130      527    38305 |   577     3988       39  1188005 | 36.243 % |
c |     2747         0      455 |     130      527    38498 |   582     3960       40  1197923 | 36.243 % |
c |     2760         0      456 |     130      527    38901 |   587     3957       40  1207754 | 36.243 % |
c |     2766         0      459 |     130      527    39015 |   592     3974       41  1217643 | 36.243 % |
c |     2776         0      461 |     130      527    39234 |   597     3971       41  1227532 | 36.243 % |
c |     2789         0      462 |     130      527    39393 |   602     3990       41  1237429 | 36.243 % |
c |     2799         0      464 |     130      527    39507 |   607     3971       41  1247367 | 36.243 % |
c |     2833         0      462 |     130      527    39854 |   612     3975       41  1257210 | 36.243 % |
c |     2839         0      464 |     130      527    40024 |   617     3976       41  1267105 | 36.243 % |
c |     2840         0      468 |     130      527    40420 |   622     3937       41  1276961 | 36.243 % |
c |     2842         0      471 |     130      527    40773 |   627     3936       41  1286733 | 36.243 % |
c |     2870         0      470 |     130      527    41235 |   632     3959       41  1296571 | 36.243 % |
c |     2883         0      471 |     130      527    41524 |   637     3967       42  1306419 | 36.243 % |
c |     2893         0      473 |     130      527    41663 |   642     3979       42  1316312 | 36.243 % |
c |     2926         0      471 |     130      527    41847 |   647     3984       42  1326225 | 36.243 % |
c |     2931         0      474 |     130      527    42222 |   652     3934       43  1336159 | 36.243 % |
c |     2945         0      475 |     130      527    42679 |   657     3953       45  1345975 | 36.243 % |
c |     2961         0      476 |     130      527    42939 |   662     3970       45  1355823 | 36.243 % |
c |     2983         0      476 |     130      527    42995 |   667     3990       45  1365742 | 36.243 % |
c |     3027         0      472 |     130      527    43224 |   672     3983       46  1375670 | 36.243 % |
c |     3084         0      466 |     130      527    43463 |   677     3962       46  1385582 | 36.243 % |
c |     3099         0      467 |     130      527    43680 |   682     3931       46  1395451 | 36.243 % |
c |     3134         0      465 |     130      527    43885 |   687     3960       46  1405271 | 36.243 % |
c |     3161         0      465 |     130      527    44139 |   692     3967       46  1415098 | 36.243 % |
c |     3181         0      465 |     130      527    44193 |   697     3982       46  1425010 | 36.244 % |
c |     3188         0      467 |     130      527    44358 |   702     3967       46  1434919 | 36.243 % |
c |     3199         0      468 |     130      527    44838 |   707     3942       46  1444743 | 36.243 % |
c |     3214         0      469 |     130      527    44986 |   712     3987       46  1454627 | 36.244 % |
c |     3234         0      470 |     130      527    45046 |   717     3986       46  1464562 | 36.243 % |
c |     3268         0      468 |     130      527    45157 |   722     3982       46  1474479 | 36.243 % |
c |     3300         0      466 |     130      527    45263 |   727     3976       46  1484390 | 36.243 % |
c |     3318         0      467 |     130      527    45644 |   732     3906       46  1494253 | 36.243 % |
c |     3338         0      467 |     130      527    45927 |   737     3962       46  1504070 | 36.243 % |
c |     3341         0      469 |     130      527    46283 |   742     3943       46  1513928 | 36.243 % |
c |     3358         0      470 |     130      527    46511 |   747     3974       46  1523777 | 36.243 % |
c |     3406         0      466 |     130      527    46704 |   752     3984       46  1533689 | 36.243 % |
c |     3441         0      464 |     130      527    46968 |   757     3958       46  1543591 | 36.243 % |
c |     3449         0      466 |     130      527    47046 |   762     3966       46  1553500 | 36.243 % |
c |     3481         0      465 |     130      527    47311 |   767     3909       47  1563381 | 36.243 % |
c |     3506         0      464 |     130      527    47489 |   772     3960       47  1573250 | 36.243 % |
c |     3513         0      466 |     130      527    47896 |   777     3946       47  1583090 | 36.244 % |
c |     3524         0      468 |     130      527    48097 |   782     3967       47  1592948 | 36.243 % |
c |     3539         0      469 |     130      527    48338 |   787     3941       47  1602837 | 36.243 % |
c |     3543         0      471 |     130      527    49027 |   792     3936       47  1612623 | 36.243 % |
c |     3551         0      473 |     130      527    49148 |   797     3988       47  1622512 | 36.243 % |
c |     3567         0      473 |     130      527    49351 |   802     3956       47  1632401 | 36.244 % |
c |     3578         0      475 |     130      527    49427 |   807     3958       47  1642261 | 36.243 % |
c |     3587         0      476 |     130      527    49888 |   812     3933       47  1652103 | 36.243 % |
c |     3595         0      478 |     130      527    50090 |   817     3976       47  1661965 | 36.243 % |
c |     3616         0      478 |     130      527    50342 |   822     3971       47  1671858 | 36.243 % |
c |     3635         0      478 |     130      527    51880 |   827     3941       49  1681668 | 36.243 % |
c |     3640         0      480 |     130      527    52066 |   832     3971       49  1691508 | 36.243 % |
c |     3651         0      482 |     130      527    52236 |   837     3933       49  1701433 | 36.244 % |
c |     3651         0      484 |     130      527    52291 |   842     3975       49  1711299 | 36.244 % |
c |     3670         0      485 |     130      527    52619 |   847     3949       49  1721160 | 36.243 % |
c |     3678         0      486 |     130      527    52878 |   852     3996       49  1731011 | 36.243 % |
c |     3684         0      488 |     130      527    53018 |   857     3992       49  1740922 | 36.244 % |
c |     3686         0      491 |     130      527    53082 |   862     3967       49  1750846 | 36.244 % |
c |     3706         0      491 |     130      527    53257 |   867     3972       49  1760755 | 36.243 % |
c |     3718         0      492 |     130      527    53350 |   872     3980       49  1770653 | 36.243 % |
c |     3740         0      491 |     130      527    53438 |   877     3984       49  1780587 | 36.243 % |
c |     3755         0      492 |     130      527    53542 |   882     3973       49  1790525 | 36.243 % |
c |     3775         0      492 |     130      527    53704 |   887     3932       50  1800419 | 36.243 % |
c |     3802         0      491 |     130      527    53925 |   892     3948       50  1810325 | 36.243 % |
c |     3808         0      493 |     130      527    54321 |   897     3957       50  1820137 | 36.243 % |
c |     3837         0      492 |     130      527    54468 |   902     3973       50  1830038 | 36.243 % |
c |     3837         0      495 |     130      527    54484 |   907     3989       50  1839990 | 36.243 % |
c |     3851         0      495 |     130      527    54757 |   912     3970       50  1849909 | 36.244 % |
c |     3886         0      494 |     130      527    54934 |   917     3979       50  1859839 | 36.243 % |
c |     3920         0      492 |     130      527    55055 |   922     3989       50  1869761 | 36.243 % |
c |     3972         0      488 |     130      527    55180 |   927     3978       50  1879693 | 36.243 % |
c |     3972         0      490 |     130      527    55321 |   932     3993       50  1889635 | 36.243 % |
c |     3985         0      491 |     130      527    55602 |   937     3972       50  1899557 | 36.243 % |
c |     4000         0      492 |     130      527    55754 |   942     3980       50  1909475 | 36.245 % |
c |     4020         0      492 |     130      527    56109 |   947     3953       50  1919386 | 36.243 % |
c |     4057         0      490 |     130      527    56241 |   952     3951       50  1929281 | 36.243 % |
c |     4060         0      492 |     130      527    56498 |   957     3945       50  1939126 | 36.243 % |
c |     4071         0      493 |     130      527    57347 |   962     3904       58  1948916 | 36.243 % |
c |     4071         0      496 |     130      527    58042 |   967     3932       59  1958690 | 36.243 % |
c |     4084         0      497 |     130      527    58653 |   972     3945       59  1968499 | 36.243 % |
c |     4099         0      497 |     130      527    58887 |   977     3957       59  1978339 | 36.243 % |
c |     4116         0      498 |     130      527    58927 |   982     3998       59  1988255 | 36.244 % |
c |     4142         0      497 |     130      527    59016 |   987     3987       59  1998223 | 36.243 % |
c |     4177         0      495 |     130      527    59982 |   992     3907       59  2008101 | 36.243 % |
c |     4216         0      493 |     130      527    60211 |   997     3926       59  2017909 | 36.243 % |
c |     4247         0      492 |     130      527    60646 |  1002     3980       60  2027723 | 36.244 % |
c |     4261         0      492 |     130      527    60672 |  1007     3989       60  2037671 | 36.244 % |
c |     4298         0      490 |     130      527    60872 |  1012     3970       60  2047599 | 36.243 % |
c |     4315         0      491 |     130      527    61141 |  1017     3929       60  2057509 | 36.243 % |
c |     4355         0      489 |     130      527    61466 |  1022     3953       62  2067369 | 36.243 % |
c |     4372         0      489 |     130      527    61626 |  1027     3970       62  2077278 | 36.244 % |
c |     4394         0      489 |     130      527    61763 |  1032     3978       62  2087161 | 36.243 % |
c |     4402         0      490 |     130      527    62027 |  1037     3982       62  2097019 | 36.243 % |
c |     4416         0      491 |     130      527    62328 |  1042     3972       62  2106911 | 36.243 % |
c |     4440         0      490 |     130      527    62511 |  1047     3974       62  2116806 | 36.243 % |
c |     4452         0      491 |     130      527    62807 |  1052     3943       62  2126702 | 36.243 % |
c |     4453         0      494 |     130      527    63196 |  1057     3927       62  2136510 | 36.243 % |
c |     4482         0      493 |     130      527    64188 |  1062     3913       62  2146274 | 36.243 % |
c |     4508         0      492 |     130      527    64336 |  1067     3972       62  2156130 | 36.243 % |
c |     4549         0      490 |     130      527    64572 |  1072     3971       62  2166056 | 36.243 % |
c |     4582         0      488 |     130      527    64894 |  1077     3970       62  2175967 | 36.243 % |
c |     4629         0      486 |     130      527    65218 |  1082     3960       62  2185860 | 36.243 % |
c |     4652         0      485 |     130      527    65400 |  1087     3983       62  2195750 | 36.243 % |
c |     4707         0      482 |     130      527    65770 |  1092     3963       62  2205673 | 36.243 % |
c |     4726         0      482 |     130      527    65999 |  1097     3978       62  2215573 | 36.244 % |
c |     4742         0      482 |     130      527    66305 |  1102     3961       62  2225475 | 36.243 % |
c |     4754         0      483 |     130      527    66495 |  1107     3970       62  2235358 | 36.243 % |
c |     4777         0      483 |     130      527    66593 |  1112     3968       62  2245286 | 36.243 % |
c |     4813         0      482 |     130      527    66747 |  1117     3983       65  2255176 | 36.243 % |
c |     4848         0      480 |     130      527    67217 |  1122     3966       65  2265053 | 36.243 % |
c |     4872         0      480 |     130      527    67330 |  1127     3986       65  2274952 | 36.243 % |
c |     4881         0      481 |     130      527    67434 |  1132     3956       65  2284864 | 36.243 % |
c |     4929         0      478 |     130      527    67482 |  1137     3988       65  2294787 | 36.243 % |
c |     4960         0      477 |     130      527    67632 |  1142     3972       65  2304726 | 36.243 % |
c |     4985         0      477 |     130      527    67801 |  1147     3962       65  2314662 | 36.243 % |
c |     5002         0      477 |     130      527    68166 |  1152     3962       65  2324506 | 36.243 % |
c |     5027         0      477 |     130      527    68576 |  1157     3924       66  2334360 | 36.243 % |
c |     5036         0      478 |     130      527    68688 |  1162     3953       66  2344218 | 36.243 % |
c |     5044         0      479 |     130      527    69055 |  1167     3958       66  2354087 | 36.243 % |
c |     5080         0      478 |     130      527    69227 |  1172     3992       66  2363955 | 36.243 % |
c |     5115         0      477 |     130      527    69648 |  1177     3955       66  2373863 | 36.243 % |
c |     5127         0      477 |     130      527    69762 |  1182     3979       66  2383764 | 36.243 % |
c |     5172         0      475 |     130      527    70114 |  1187     3966       66  2393636 | 36.243 % |
c |     5190         0      475 |     130      527    70438 |  1192     3960       67  2403515 | 36.243 % |
c |     5223         0      474 |     130      527    70561 |  1197     3981       67  2413420 | 36.244 % |
c |     5255         0      473 |     130      527    70882 |  1202     3940       68  2423352 | 36.243 % |
c |     5276         0      473 |     130      527    71302 |  1207     3959       68  2433183 | 36.243 % |
c |     5292         0      474 |     130      527    71465 |  1212     3978       68  2443077 | 36.243 % |
c |     5302         0      475 |     130      527    71983 |  1217     3945       68  2452962 | 36.244 % |
c |     5311         0      476 |     130      527    72158 |  1222     3952       68  2462824 | 36.243 % |
c |     5335         0      476 |     130      527    72359 |  1227     3971       68  2472731 | 36.243 % |
c |     5351         0      476 |     130      527    72768 |  1232     3930       68  2482593 | 36.243 % |
c |     5392         0      474 |     130      527    73187 |  1237     3968       70  2492416 | 36.243 % |
c |     5422         0      473 |     130      527    73761 |  1242     3972       70  2502289 | 36.244 % |
c |     5436         0      474 |     130      527    74065 |  1247     3979       70  2512183 | 36.243 % |
c |     5480         0      472 |     130      527    74533 |  1252     3941       72  2522089 | 36.243 % |
c |     5481         0      474 |     130      527    74846 |  1257     3949       72  2531947 | 36.243 % |
c |     5481         0      476 |     130      527    75492 |  1262     3934       72  2541753 | 36.243 % |
c |     5484         0      477 |     130      527    75724 |  1267     3977       72  2551596 | 36.243 % |
c |     5489         0      479 |     130      527    75777 |  1272     3990       72  2561519 | 36.244 % |
c |     5489         0      480 |     130      527    75960 |  1277     3967       72  2571426 | 36.244 % |
c |     5498         0      481 |     130      527    76044 |  1282     3974       72  2581332 | 36.243 % |
c |     5498         0      483 |     130      527    76129 |  1287     3996       72  2591257 | 36.243 % |
c |     5528         0      482 |     130      527    76275 |  1292     3961       72  2601217 | 36.243 % |
c |     5545         0      483 |     130      527    76696 |  1297     3963       73  2611063 | 36.243 % |
c |     5565         0      483 |     130      527    77299 |  1302     3914       73  2620908 | 36.243 % |
c |     5578         0      484 |     130      527    77509 |  1307     3950       74  2630769 | 36.243 % |
c |     5606         0      483 |     130      527    77764 |  1312     3986       74  2640620 | 36.243 % |
c |     5649         0      481 |     130      527    77963 |  1317     3984       75  2650527 | 36.243 % |
c |     5658         0      482 |     130      527    78317 |  1322     3944       75  2660411 | 36.244 % |
c |     5658         0      484 |     130      527    78562 |  1327     3964       75  2670251 | 36.244 % |
c |     5658         0      486 |     130      527    78818 |  1332     3927       75  2680086 | 36.244 % |
c |     5658         0      487 |     130      527    79198 |  1337     3955       75  2689829 | 36.244 % |
c |     5698         0      486 |     130      527    79459 |  1342     3977       75  2699718 | 36.243 % |
c |     5716         0      486 |     130      527    80053 |  1347     3954       76  2709572 | 36.243 % |
c |     5729         0      486 |     130      527    80378 |  1352     3955       76  2719456 | 36.243 % |
c |     5735         0      488 |     130      527    80616 |  1357     3960       76  2729325 | 36.243 % |
c |     5735         0      489 |     130      527    80871 |  1362     3955       76  2739218 | 36.243 % |
c |     5741         0      491 |     130      527    81033 |  1367     3966       76  2749105 | 36.244 % |
c |     5741         0      492 |     130      527    81355 |  1372     3921       76  2758971 | 36.244 % |
c |     5741         0      494 |     130      527    81609 |  1377     3938       76  2768754 | 36.244 % |
c |     5741         0      496 |     130      527    81862 |  1382     3931       76  2778567 | 36.244 % |
c |     5753         0      497 |     130      527    82565 |  1387     3878       77  2788261 | 36.243 % |
c |     5806         0      494 |     130      527    82893 |  1392     3960       77  2798070 | 36.243 % |
c |     5830         0      493 |     130      527    83359 |  1397     3941       77  2807926 | 36.243 % |
c |     5841         0      494 |     130      527    83699 |  1402     3979       77  2817760 | 36.243 % |
c |     5846         0      496 |     130      527    83964 |  1407     3947       77  2827648 | 36.243 % |
c |     5862         0      496 |     130      527    84080 |  1412     3963       77  2837528 | 36.243 % |
c |     5881         0      496 |     130      527    84313 |  1417     3984       77  2847433 | 36.244 % |
c |     5938         0      493 |     130      527    84707 |  1422     3966       79  2857345 | 36.243 % |
c |     5954         0      493 |     130      527    84878 |  1427     3974       79  2867263 | 36.243 % |
c |     5975         0      493 |     130      527    85030 |  1432     3978       79  2877173 | 36.243 % |
c |     5978         0      495 |     130      527    85330 |  1437     3978       79  2887051 | 36.243 % |
c |     5987         0      496 |     130      527    85420 |  1442     3978       79  2896953 | 36.243 % |
c |     5992         0      497 |     130      527    85669 |  1447     3938       79  2906876 | 36.243 % |
c |     5993         0      498 |     130      527    85842 |  1452     3955       79  2916766 | 36.243 % |
c |     6008         0      499 |     130      527    86445 |  1457     3934       79  2926616 | 36.243 % |
c |     6008         0      500 |     130      527    87088 |  1462     3902       79  2936419 | 36.243 % |
c |     6035         0      500 |     130      527    87673 |  1467     3937       80  2946251 | 36.243 % |
c |     6080         0      498 |     130      527    87786 |  1472     3980       80  2956149 | 36.243 % |
c |     6128         0      496 |     130      527    88047 |  1477     3964       80  2966053 | 36.243 % |
c |     6144         0      496 |     130      527    88309 |  1482     3954       80  2975936 | 36.243 % |
c |     6144         0      498 |     130      527    88848 |  1487     3943       80  2985724 | 36.243 % |
c |     6165         0      497 |     130      527    89077 |  1492     3975       81  2995604 | 36.243 % |
c |     6198         0      496 |     130      527    89336 |  1497     3971       81  3005501 | 36.243 % |
c |     6217         0      497 |     130      527    89561 |  1502     3965       81  3015402 | 36.243 % |
c |     6252         0      495 |     130      527    90141 |  1507     3958       84  3025299 | 36.243 % |
c |     6253         0      497 |     130      527    90470 |  1512     3942       84  3035163 | 36.243 % |
c |     6273         0      497 |     130      527    90711 |  1517     3977       84  3045064 | 36.243 % |
c |     6274         0      498 |     130      527    90783 |  1522     3989       84  3054983 | 36.243 % |
c |     6304         0      498 |     130      527    90964 |  1527     3975       84  3064878 | 36.244 % |
c |     6308         0      499 |     130      527    91554 |  1532     3931       84  3074709 | 36.243 % |
c |     6311         0      500 |     130      527    91776 |  1537     3927       84  3084573 | 36.243 % |
c |     6328         0      500 |     130      527    92439 |  1542     3927       85  3094311 | 36.243 % |
c |     6348         0      500 |     130      527    92810 |  1547     3958       85  3104175 | 36.243 % |
c |     6386         0      499 |     130      527    92988 |  1552     3971       85  3114070 | 36.243 % |
c |     6405         0      499 |     130      527    93177 |  1557     3987       85  3123988 | 36.243 % |
c |     6418         0      500 |     130      527    93291 |  1562     3986       85  3133904 | 36.243 % |
c |     6437         0      500 |     130      527    93418 |  1567     3976       85  3143829 | 36.244 % |
c |     6439         0      501 |     130      527    93652 |  1572     3945       85  3153709 | 36.244 % |
c |     6446         0      502 |     130      527    93983 |  1577     3934       85  3163539 | 36.244 % |
c |     6463         0      502 |     130      527    94712 |  1582     3949       86  3173290 | 36.243 % |
c |     6487         0      502 |     130      527    95046 |  1587     3973       87  3183173 | 36.243 % |
c |     6516         0      501 |     130      527    95456 |  1592     3947       87  3193067 | 36.243 % |
c |     6521         0      502 |     130      527    96020 |  1597     3933       87  3202880 | 36.243 % |
c |     6521         0      504 |     130      527    96496 |  1602     3879       87  3212690 | 36.243 % |
c |     6545         0      504 |     130      527    96921 |  1607     3961       88  3222408 | 36.244 % |
c |     6551         0      505 |     130      527    97181 |  1612     3950       88  3232292 | 36.243 % |
c |     6612         0      502 |     130      527    97375 |  1617     3968       88  3242193 | 36.243 % |
c |     6614         0      503 |     130      527    97683 |  1622     3959       88  3252056 | 36.244 % |
c |     6646         0      502 |     130      527    97877 |  1627     3959       89  3261947 | 36.243 % |
c |     6662         0      502 |     130      527    98509 |  1632     3927       89  3271800 | 36.243 % |
c |     6681         0      502 |     130      527    98960 |  1637     3957       91  3281648 | 36.243 % |
c |     6706         0      502 |     130      527    99183 |  1642     3992       91  3291520 | 36.243 % |
c |     6722         0      502 |     130      527    99401 |  1647     3972       91  3301453 | 36.244 % |
c |     6726         0      504 |     130      527    99640 |  1652     3957       91  3311397 | 36.244 % |
c |     6786         0      501 |     130      527    99741 |  1657     3986       91  3321300 | 36.243 % |
c |     6800         0      501 |     130      527    99808 |  1662     3983       91  3331237 | 36.243 % |
c |     6822         0      501 |     130      527   100013 |  1667     3979       91  3341131 | 36.243 % |
c |     6831         0      502 |     130      527   100573 |  1672     3957       91  3350978 | 36.244 % |
c |     6837         0      503 |     130      527   101601 |  1677     3904       91  3360730 | 36.243 % |
c |     6856         0      503 |     130      527   101819 |  1682     3951       91  3370571 | 36.244 % |
c |     6867         0      503 |     130      527   102103 |  1687     3951       91  3380428 | 36.243 % |
c |     6868         0      505 |     130      527   102410 |  1692     3969       92  3390286 | 36.244 % |
c |     6876         0      506 |     130      527   102567 |  1697     3961       92  3400206 | 36.244 % |
c |     6894         0      506 |     130      527   102974 |  1702     3955       92  3410096 | 36.243 % |
c |     6916         0      506 |     130      527   103213 |  1707     3968       92  3419956 | 36.243 % |
c |     6952         0      504 |     130      527   103525 |  1712     3955       92  3429830 | 36.243 % |
c |     6965         0      505 |     130      527   103741 |  1717     3952       92  3439689 | 36.243 % |
c |     6972         0      506 |     130      527   104101 |  1722     3960       92  3449545 | 36.243 % |
c |     7011         0      504 |     130      527   104346 |  1727     3951       93  3459440 | 36.243 % |
c |     7024         0      505 |     130      527   104556 |  1732     3974       93  3469274 | 36.243 % |
c |     7027         0      506 |     130      527   105582 |  1737     3877       96  3479059 | 36.244 % |
c |     7027         0      508 |     130      527   106111 |  1742     3972       96  3488807 | 36.244 % |
c |     7029         0      509 |     130      527   106252 |  1747     3972       96  3498740 | 36.243 % |
c |     7053         0      509 |     130      527   106532 |  1752     3970       96  3508651 | 36.243 % |
c |     7075         0      508 |     130      527   106675 |  1757     3955       96  3518567 | 36.243 % |
c |     7112         0      507 |     130      527   107055 |  1762     3925       96  3528447 | 36.243 % |
c |     7139         0      507 |     130      527   107343 |  1767     3973       97  3538309 | 36.243 % |
c |     7160         0      506 |     130      527   107578 |  1772     3975       97  3548211 | 36.244 % |
c |     7186         0      506 |     130      527   107837 |  1777     3961       97  3558104 | 36.244 % |
c |     7202         0      506 |     130      527   107891 |  1782     3976       97  3568016 | 36.244 % |
c |     7202         0      508 |     130      527   108004 |  1787     3977       97  3577936 | 36.244 % |
c |     7202         0      509 |     130      527   108246 |  1792     3948       97  3587786 | 36.244 % |
c |     7202         0      510 |     130      527   108322 |  1797     3986       97  3597678 | 36.244 % |
c |     7204         0      512 |     130      527   108507 |  1802     3970       98  3607565 | 36.243 % |
c |     7204         0      513 |     130      527   108683 |  1807     3967       98  3617457 | 36.243 % |
c |     7204         0      514 |     130      527   108876 |  1812     3967       98  3627336 | 36.243 % |
c |     7204         0      516 |     130      527   109013 |  1817     3963       98  3637219 | 36.243 % |
c |     7214         0      517 |     130      527   109487 |  1822     3973       99  3647064 | 36.243 % |
c |     7218         0      518 |     130      527   110038 |  1827     3923       99  3656906 | 36.244 % |
c |     7236         0      518 |     130      527   110556 |  1832     3977      105  3666699 | 36.243 % |
c |     7242         0      519 |     130      527   110649 |  1837     3977      105  3676620 | 36.243 % |
c |     7259         0      519 |     130      527   110755 |  1842     3978      105  3686537 | 36.243 % |
c |     7268         0      520 |     130      527   110961 |  1847     3935      105  3696419 | 36.243 % |
c |     7279         0      520 |     130      527   110974 |  1852     3972      105  3706311 | 36.244 % |
c |     7310         0      519 |     130      527   111195 |  1857     3971      105  3716197 | 36.243 % |
c |     7312         0      521 |     130      527   111495 |  1862     3931      105  3726078 | 36.244 % |
c |     7319         0      521 |     130      527   112142 |  1867     3910      105  3735916 | 36.243 % |
c |     7349         0      521 |     130      527   112392 |  1872     3969      106  3745757 | 36.243 % |
c |     7378         0      520 |     130      527   112666 |  1877     3968      106  3755643 | 36.243 % |
c |     7395         0      520 |     130      527   113318 |  1882     3913      107  3765481 | 36.243 % |
c |     7395         0      521 |     130      527   113497 |  1887     3962      107  3775322 | 36.243 % |
c |     7399         0      523 |     130      527   113798 |  1892     3967      107  3785180 | 36.244 % |
c |     7420         0      522 |     130      527   114875 |  1897     3911      111  3794941 | 36.243 % |
c |     7467         0      520 |     130      527   115097 |  1902     3962      112  3804787 | 36.243 % |
c |     7492         0      520 |     130      527   115336 |  1907     3962      112  3814654 | 36.243 % |
c |     7540         0      518 |     130      527   115666 |  1912     3969      112  3824561 | 36.243 % |
c |     7584         0      516 |     130      527   116127 |  1917     3940      112  3834447 | 36.243 % |
c |     7627         0      515 |     130      527   116603 |  1922     3956      112  3844281 | 36.243 % |
c |     7627         0      516 |     130      527   116740 |  1927     3967      112  3854145 | 36.243 % |
c |     7634         0      517 |     130      527   117042 |  1932     3976      112  3864009 | 36.243 % |
c |     7642         0      518 |     130      527   117334 |  1937     3963      112  3873872 | 36.243 % |
c |     7642         0      519 |     130      527   117710 |  1942     3952      113  3883743 | 36.243 % |
c |     7666         0      519 |     130      527   118116 |  1947     3986      113  3893582 | 36.243 % |
c |     7702         0      518 |     130      527   118301 |  1952     3964      113  3903513 | 36.243 % |
c |     7737         0      516 |     130      527   118781 |  1957     3887      113  3913437 | 36.244 % |
c |     7763         0      516 |     130      527   119558 |  1962     3927      114  3923218 | 36.244 % |
c |     7775         0      517 |     130      527   119908 |  1967     3970      114  3933051 | 36.243 % |
c |     7811         0      515 |     130      527   120225 |  1972     3946      116  3942961 | 36.243 % |
c |     7836         0      515 |     130      527   120738 |  1977     3983      118  3952781 | 36.243 % |
c |     7870         0      514 |     130      527   121376 |  1982     3939      118  3962640 | 36.243 % |
c |     7894         0      514 |     130      527   121605 |  1987     3983      118  3972516 | 36.243 % |
c |     7946         0      512 |     130      527   121836 |  1992     3972      118  3982436 | 36.243 % |
c |     7971         0      511 |     130      527   122413 |  1997     3911      120  3992330 | 36.243 % |
c |     8015         0      510 |     130      527   122563 |  2002     3986      121  4002180 | 36.243 % |
c |     8028         0      510 |     130      527   122969 |  2007     3969      122  4012076 | 36.243 % |
c |     8045         0      510 |     130      527   123150 |  2012     3970      122  4021976 | 36.244 % |
c |     8046         0      512 |     130      527   123761 |  2017     3924      123  4031808 | 36.243 % |
c |     8061         0      512 |     130      527   124053 |  2022     3967      123  4041664 | 36.244 % |
c |     8093         0      511 |     130      527   124405 |  2027     3970      123  4051538 | 36.243 % |
c |     8121         0      511 |     130      527   124632 |  2032     3968      123  4061463 | 36.243 % |
c |     8155         0      510 |     130      527   124971 |  2037     3972      123  4071325 | 36.243 % |
c |     8197         0      508 |     130      527   125121 |  2042     3980      123  4081244 | 36.243 % |
c |     8236         0      507 |     130      527   125237 |  2047     3979      123  4091171 | 36.243 % |
c |     8250         0      507 |     130      527   125316 |  2052     3985      123  4101101 | 36.243 % |
c |     8268         0      507 |     130      527   125645 |  2057     3967      123  4111005 | 36.243 % |
c |     8303         0      507 |     130      527   126401 |  2062     3962      125  4120825 | 36.243 % |
c |     8321         0      507 |     130      527   126502 |  2067     3989      125  4130733 | 36.243 % |
c |     8357         0      506 |     130      527   126731 |  2072     3958      126  4140662 | 36.243 % |
c |     8371         0      506 |     130      527   127035 |  2077     3965      126  4150516 | 36.243 % |
c |     8398         0      506 |     130      527   127131 |  2082     3986      126  4160444 | 36.243 % |
c |     8398         0      507 |     130      527   127426 |  2087     3961      126  4170294 | 36.243 % |
c |     8425         0      506 |     130      527   127786 |  2092     3935      127  4180150 | 36.243 % |
c |     8471         0      505 |     130      527   128151 |  2097     3947      127  4190009 | 36.243 % |
c |     8497         0      504 |     130      527   128461 |  2102     3959      127  4199889 | 36.243 % |
c |     8502         0      505 |     130      527   128828 |  2107     3954      127  4209754 | 36.244 % |
c |     8520         0      505 |     130      527   129380 |  2112     3960      127  4219628 | 36.243 % |
c |     8533         0      506 |     130      527   129482 |  2117     3977      127  4229544 | 36.243 % |
c |     8558         0      505 |     130      527   129623 |  2122     3985      127  4239451 | 36.243 % |
c |     8592         0      505 |     130      527   129848 |  2127     3946      127  4249374 | 36.243 % |
c |     8606         0      505 |     130      527   130054 |  2132     3973      127  4259232 | 36.243 % |
c |     8626         0      505 |     130      527   130816 |  2137     3945      128  4269079 | 36.243 % |
c |     8639         0      505 |     130      527   131078 |  2142     3961      128  4278920 | 36.243 % |
c |     8641         0      506 |     130      527   132011 |  2147     3932      129  4288671 | 36.243 % |
c |     8665         0      506 |     130      527   132429 |  2152     3942      129  4298490 | 36.243 % |
c |     8689         0      506 |     130      527   132676 |  2157     3966      129  4308366 | 36.243 % |
c |     8693         0      507 |     130      527   132916 |  2162     3964      129  4318240 | 36.243 % |
c |     8699         0      508 |     130      527   133349 |  2167     3935      129  4328034 | 36.243 % |
c |     8730         0      507 |     130      527   133830 |  2172     3953      130  4337851 | 36.245 % |
c |     8744         0      507 |     130      527   134323 |  2177     3946      130  4347693 | 36.243 % |
c |     8767         0      507 |     130      527   134579 |  2182     3961      130  4357563 | 36.243 % |
c |     8805         0      506 |     130      527   134685 |  2187     3972      130  4367468 | 36.243 % |
c |     8819         0      506 |     130      527   134887 |  2192     3985      130  4377395 | 36.244 % |
c |     8833         0      507 |     130      527   135293 |  2197     3962      130  4387224 | 36.243 % |
c |     8837         0      508 |     130      527   135645 |  2202     3925      130  4397077 | 36.244 % |
c |     8856         0      508 |     130      527   135774 |  2207     3972      130  4406941 | 36.243 % |
c |     8889         0      507 |     130      527   136222 |  2212     3970      130  4416806 | 36.243 % |
c |     8895         0      508 |     130      527   136553 |  2217     3947      131  4426691 | 36.244 % |
c |     8899         0      509 |     130      527   136763 |  2222     3976      131  4436571 | 36.243 % |
c |     8936         0      508 |     130      527   137114 |  2227     3964      132  4446467 | 36.243 % |
c |     8956         0      508 |     130      527   137262 |  2232     3987      132  4456367 | 36.243 % |
c |     8971         0      508 |     130      527   137535 |  2237     3952      132  4466301 | 36.243 % |
c |     8981         0      508 |     130      527   138379 |  2242     3913      133  4476111 | 36.245 % |
c |     8989         0      509 |     130      527   138985 |  2247     3907      134  4485874 | 36.243 % |
c |     9021         0      508 |     130      527   139346 |  2252     3968      134  4495686 | 36.243 % |
c |     9034         0      509 |     130      527   139619 |  2257     3969      134  4505573 | 36.243 % |
c |     9043         0      509 |     130      527   139947 |  2262     3958      134  4515449 | 36.244 % |
c |     9062         0      509 |     130      527   140556 |  2267     3931      134  4525286 | 36.243 % |
c |     9062         0      510 |     130      527   141236 |  2272     3945      135  4535086 | 36.243 % |
c |     9072         0      511 |     130      527   141961 |  2277     3910      136  4544890 | 36.243 % |
c |     9089         0      511 |     130      527   142242 |  2282     3950      136  4554725 | 36.243 % |
c |     9106         0      511 |     130      527   143001 |  2287     3931      138  4564500 | 36.243 % |
c |     9143         0      510 |     130      527   143261 |  2292     3969      138  4574370 | 36.243 % |
c |     9181         0      509 |     130      527   143399 |  2297     3981      138  4584287 | 36.243 % |
c |     9182         0      510 |     130      527   143714 |  2302     3946      138  4594127 | 36.243 % |
c |     9213         0      510 |     130      527   143857 |  2307     3957      138  4603997 | 36.243 % |
c |     9253         0      509 |     130      527   144087 |  2312     3961      138  4613889 | 36.243 % |
c |     9253         0      510 |     130      527   144462 |  2317     3929      139  4623727 | 36.243 % |
c |     9253         0      511 |     130      527   144853 |  2322     3952      140  4633536 | 36.243 % |
c |     9273         0      511 |     130      527   145156 |  2327     3951      140  4643405 | 36.243 % |
c |     9283         0      511 |     130      527   145373 |  2332     3940      140  4653265 | 36.243 % |
c |     9287         0      512 |     130      527   145734 |  2337     3947      140  4663086 | 36.243 % |
c |     9314         0      512 |     130      527   146490 |  2342     3922      140  4672887 | 36.243 % |
c |     9335         0      512 |     130      527   147422 |  2347     3934      141  4682604 | 36.243 % |
c |     9348         0      512 |     130      527   147627 |  2352     3956      141  4692465 | 36.243 % |
c |     9378         0      511 |     130      527   147877 |  2357     3977      141  4702339 | 36.243 % |
c |     9415         0      510 |     130      527   148300 |  2362     3971      141  4712221 | 36.243 % |
c |     9452         0      509 |     130      527   148940 |  2367     3940      141  4722063 | 36.243 % |
c |     9463         0      510 |     130      527   149061 |  2372     3989      141  4731946 | 36.243 % |
c |     9463         0      511 |     130      527   149187 |  2377     3986      141  4741878 | 36.243 % |
c |     9487         0      511 |     130      527   149775 |  2382     3969      142  4751741 | 36.244 % |
c |     9515         0      510 |     130      527   149910 |  2387     3977      142  4761648 | 36.243 % |
c |     9529         0      511 |     130      527   150747 |  2392     3886      142  4771519 | 36.243 % |
c |     9551         0      510 |     130      527   151687 |  2397     3957      142  4781226 | 36.245 % |
c |     9566         0      511 |     130      527   152008 |  2402     3954      142  4791084 | 36.243 % |
c |     9611         0      509 |     130      527   152525 |  2407     3927      144  4800919 | 36.243 % |
c |     9644         0      509 |     130      527   153083 |  2412     3956      146  4810701 | 36.243 % |
c |     9685         0      508 |     130      527   153456 |  2417     3984      146  4820585 | 36.243 % |
c |     9708         0      507 |     130      527   153689 |  2422     3957      146  4830522 | 36.243 % |
c |     9735         0      507 |     130      527   154073 |  2427     3945      146  4840389 | 36.243 % |
c |     9741         0      508 |     130      527   154461 |  2432     3942      146  4850245 | 36.244 % |
c |     9741         0      509 |     130      527   155284 |  2437     3916      147  4859990 | 36.244 % |
c |     9767         0      508 |     129      514   108353 |  2442     3378      154  4869142 | 36.338 % |
c |     9787         0      508 |     129      514   108617 |  2447     3952      154  4878468 | 36.338 % |
c |     9805         0      508 |     129      514   108821 |  2452     3969      154  4888348 | 36.338 % |
c |     9826         0      508 |     129      514   108953 |  2457     3978      154  4898244 | 36.338 % |
c |     9862         0      508 |     129      514   109232 |  2462     3961      154  4908151 | 36.338 % |
c |     9880         0      508 |     129      514   109759 |  2467     3943      154  4917986 | 36.338 % |
c |     9911         0      507 |     129      514   109926 |  2472     3980      154  4927843 | 36.338 % |
c |     9942         0      506 |     129      514   110145 |  2477     3953      154  4937749 | 36.338 % |
c |     9952         0      507 |     129      514   110602 |  2482     3929      155  4947599 | 36.339 % |
c |     9953         0      508 |     129      514   111028 |  2487     3953      156  4957392 | 36.338 % |
c |     9966         0      508 |     129      514   111847 |  2492     3920      156  4967181 | 36.338 % |
c |    10002         0      507 |     129      514   112036 |  2497     3978      157  4977022 | 36.338 % |
c |    10002         0      508 |     129      514   112382 |  2502     3965      158  4986892 | 36.338 % |
c |    10011         0      509 |     129      514   113131 |  2507     3918      159  4996691 | 36.338 % |
c |    10064         0      507 |     129      514   113372 |  2512     3963      160  5006575 | 36.338 % |
c |    10086         0      507 |     129      514   113605 |  2517     3966      161  5016476 | 36.338 % |
c |    10109         0      507 |     129      514   113738 |  2522     3978      161  5026386 | 36.338 % |
c |    10127         0      507 |     129      514   113857 |  2527     3989      161  5036294 | 36.339 % |
c |    10144         0      507 |     129      514   114064 |  2532     3948      161  5046196 | 36.339 % |
c |    10151         0      508 |     129      514   114244 |  2537     3953      161  5056062 | 36.339 % |
c |    10178         0      507 |     129      514   114794 |  2542     3925      163  5065845 | 36.338 % |
c |    10220         0      506 |     129      514   114862 |  2547     3988      163  5075721 | 36.338 % |
c |    10244         0      506 |     129      514   114998 |  2552     3970      163  5085652 | 36.338 % |
c |    10295         0      505 |     129      514   115651 |  2557     3853      164  5095560 | 36.339 % |
c |    10313         0      505 |     129      514   116245 |  2562     3954      164  5105238 | 36.338 % |
c |    10323         0      505 |     129      514   116546 |  2567     3974      164  5115088 | 36.338 % |
c |    10331         0      506 |     129      514   117260 |  2572     3839      165  5124972 | 36.339 % |
c |    10331         0      507 |     129      514   118038 |  2577     3912      165  5134651 | 36.339 % |
c |    10355         0      507 |     129      514   118708 |  2582     3946      165  5144360 | 36.338 % |
c |    10404         0      505 |     129      514   119166 |  2587     3970      165  5154249 | 36.338 % |
c |    10459         0      503 |     129      514   119641 |  2592     3993      165  5164125 | 36.339 % |
c |    10498         0      502 |     129      514   119878 |  2597     3937      165  5174056 | 36.338 % |
c |    10550         0      501 |     129      514   120015 |  2602     3984      166  5183947 | 36.338 % |
c |    10592         0      500 |     129      514   120270 |  2607     3983      166  5193887 | 36.338 % |
c |    10629         0      499 |     129      514   120369 |  2612     3971      166  5203827 | 36.338 % |
c |    10642         0      499 |     129      514   120720 |  2617     3976      166  5213710 | 36.338 % |
c |    10690         0      498 |     129      514   121051 |  2622     3966      166  5223597 | 36.338 % |
c |    10744         0      497 |     129      514   121145 |  2627     3986      166  5233509 | 36.338 % |
c |    10763         0      497 |     129      514   121344 |  2632     3971      166  5243423 | 36.338 % |
c |    10808         0      495 |     129      514   121488 |  2637     3987      167  5253341 | 36.339 % |
c |    10820         0      496 |     129      514   121842 |  2642     3981      167  5263233 | 36.338 % |
c |    10851         0      495 |     129      514   122244 |  2647     3972      167  5273097 | 36.338 % |
c |    10871         0      495 |     129      514   122318 |  2652     3974      167  5283026 | 36.338 % |
c |    10908         0      495 |     129      514   122437 |  2657     3973      168  5292928 | 36.338 % |
c |    10930         0      494 |     129      514   122571 |  2662     3979      168  5302854 | 36.338 % |
c |    10981         0      493 |     129      514   122799 |  2667     3957      168  5312792 | 36.338 % |
c |    11004         0      493 |     129      514   123351 |  2672     3964      168  5322601 | 36.338 % |
c |    11041         0      492 |     129      514   124153 |  2677     3963      169  5332403 | 36.338 % |
c |    11096         0      491 |     129      514   124293 |  2682     3968      169  5342338 | 36.338 % |
c |    11118         0      491 |     129      514   124565 |  2687     3939      169  5352261 | 36.338 % |
c |    11150         0      490 |     129      514   125087 |  2692     3952      169  5362030 | 36.338 % |
c |    11191         0      489 |     129      514   125294 |  2697     3959      169  5371924 | 36.338 % |
c |    11216         0      489 |     129      514   125523 |  2702     3951      169  5381803 | 36.338 % |
c |    11238         0      489 |     129      514   125741 |  2707     3981      170  5391649 | 36.338 % |
c |    11308         0      487 |     129      514   126033 |  2712     3982      170  5401546 | 36.338 % |
c |    11347         0      486 |     129      514   126360 |  2717     3979      173  5411415 | 36.338 % |
c |    11379         0      485 |     129      514   126474 |  2722     3979      173  5421333 | 36.338 % |
c |    11417         0      485 |     129      514   126653 |  2727     3991      173  5431261 | 36.338 % |
c |    11447         0      484 |     129      514   126975 |  2732     3960      173  5441155 | 36.338 % |
c |    11490         0      483 |     129      514   127381 |  2737     3963      173  5451016 | 36.338 % |
c |    11529         0      483 |     129      514   127471 |  2742     3981      173  5460910 | 36.338 % |
c |    11529         0      483 |     129      514   127974 |  2747     3954      173  5470757 | 36.338 % |
c |    11564         0      483 |     129      514   128298 |  2752     3952      173  5480616 | 36.338 % |
c |    11575         0      483 |     129      514   128687 |  2757     3972      173  5490444 | 36.338 % |
c |    11608         0      483 |     129      514   128834 |  2762     3969      173  5500373 | 36.338 % |
c |    11625         0      483 |     129      514   129128 |  2767     3976      174  5510253 | 36.338 % |
c |    11652         0      483 |     129      514   129588 |  2772     3953      174  5520108 | 36.338 % |
c |    11681         0      482 |     129      514   129954 |  2777     3958      174  5529954 | 36.338 % |
c |    11693         0      483 |     129      514   130120 |  2782     3959      174  5539857 | 36.338 % |
c |    11742         0      482 |     129      514   130270 |  2787     3962      176  5549760 | 36.338 % |
c |    11837         0      479 |     128      506    22737 |  2792     3901      178  5558605 | 36.433 % |
c |    11843         0      479 |     128      506    23235 |  2797     3923      180  5568421 | 36.433 % |
c |    11869         0      479 |     128      506    23418 |  2802     3947      180  5578273 | 36.433 % |
c |    11881         0      479 |     128      506    23777 |  2807     3936      180  5588089 | 36.433 % |
c |    11945         0      478 |     128      506    23929 |  2812     3965      180  5597977 | 36.433 % |
c |    11980         0      477 |     128      506    24473 |  2817     3928      180  5607776 | 36.433 % |
c |    12001         0      477 |     128      506    24828 |  2822     3962      181  5617615 | 36.433 % |
c =========================================================================================================
c restarts              : 12001 (477 conflicts in avg)
c blocked restarts      : 0 (multiple: 0) 
c last block at restart : 0
c nb ReduceDB           : 2823
c nb removed Clauses    : 5619593
c nb learnts DL2        : 181
c nb learnts size 2     : 30
c nb learnts size 1     : 2
c nb permanent learnts  : 78884
c conflicts             : 5731779        (18682 /sec)
c decisions             : 7088852        (0.00 % random) (23106 /sec)
c propagations          : 101778048      (331741 /sec)
c nb reduced Clauses    : 11321
c CPU time              : 306.8 s

s INDETERMINATE
